#
# There is insufficient memory for the Java Runtime Environment to continue.
# Native memory allocation (malloc) failed to allocate 462256 bytes for Chunk::new
# Possible reasons:
#   The system is out of physical RAM or swap space
#   The process is running with CompressedOops enabled, and the Java Heap may be blocking the growth of the native heap
# Possible solutions:
#   Reduce memory load on the system
#   Increase physical memory or swap space
#   Check if swap backing store is full
#   Decrease Java heap size (-Xmx/-Xms)
#   Decrease number of Java threads
#   Decrease Java thread stack sizes (-Xss)
#   Set larger code cache with -XX:ReservedCodeCacheSize=
#   JVM is running with Zero Based Compressed Oops mode in which the Java heap is
#     placed in the first 32GB address space. The Java Heap base address is the
#     maximum limit for the native heap growth. Please use -XX:HeapBaseMinAddress
#     to set the Java Heap base and to place the Java Heap above 32GB virtual address.
# This output file may be truncated or incomplete.
#
#  Out of Memory Error (arena.cpp:189), pid=27684, tid=16120
#
# JRE version: Java(TM) SE Runtime Environment (17.0.12+8) (build 17.0.12+8-LTS-286)
# Java VM: Java HotSpot(TM) 64-Bit Server VM (17.0.12+8-LTS-286, mixed mode, tiered, compressed oops, compressed class ptrs, g1 gc, windows-amd64)
# No core dump will be written. Minidumps are not enabled by default on client versions of Windows
#

---------------  S U M M A R Y ------------

Command Line: --enable-native-access=ALL-UNNAMED -Dclassworlds.conf=C:\Users\harsh\.m2\wrapper\dists\apache-maven-3.9.12\59fe215c0ad6947fea90184bf7add084544567b927287592651fda3782e0e798\bin\m2.conf -Dmaven.home=C:\Users\harsh\.m2\wrapper\dists\apache-maven-3.9.12\59fe215c0ad6947fea90184bf7add084544567b927287592651fda3782e0e798 -Dlibrary.jansi.path=C:\Users\harsh\.m2\wrapper\dists\apache-maven-3.9.12\59fe215c0ad6947fea90184bf7add084544567b927287592651fda3782e0e798\lib\jansi-native -Dmaven.multiModuleProjectDirectory=C:\Users\harsh\Desktop\mary org.codehaus.plexus.classworlds.launcher.Launcher spring-boot:run

Host: Intel(R) Core(TM) 7 150U, 12 cores, 15G,  Windows 11 , 64 bit Build 26100 (10.0.26100.7309)
Time: Tue Jan  6 13:15:37 2026 Central Standard Time elapsed time: 19.625310 seconds (0d 0h 0m 19s)

---------------  T H R E A D  ---------------

Current thread (0x0000022d4210fc30):  JavaThread "C2 CompilerThread0" daemon [_thread_in_native, id=16120, stack(0x0000005f8d700000,0x0000005f8d800000)]


Current CompileTask:
C2:  19625 1057   !   4       sun.nio.cs.StreamDecoder::read0 (116 bytes)

Stack: [0x0000005f8d700000,0x0000005f8d800000]
Native frames: (J=compiled Java code, j=interpreted, Vv=VM code, C=native code)
V  [jvm.dll+0x67a04a]
V  [jvm.dll+0x7da4ed]
V  [jvm.dll+0x7dbe33]
V  [jvm.dll+0x7dc4a3]
V  [jvm.dll+0x24508f]
V  [jvm.dll+0xab773]
V  [jvm.dll+0xabd3c]
V  [jvm.dll+0x361b9f]
V  [jvm.dll+0x32c431]
V  [jvm.dll+0x32b8ca]
V  [jvm.dll+0x21683f]
V  [jvm.dll+0x215c6f]
V  [jvm.dll+0x1a2960]
V  [jvm.dll+0x22610b]
V  [jvm.dll+0x2242ab]
V  [jvm.dll+0x79075c]
V  [jvm.dll+0x78abea]
V  [jvm.dll+0x678f35]
C  [ucrtbase.dll+0x37b0]
C  [KERNEL32.DLL+0x2e8d7]
C  [ntdll.dll+0x8c53c]


---------------  P R O C E S S  ---------------

Threads class SMR info:
_java_thread_list=0x0000022d425a9d50, length=14, elements={
0x0000022d1f045da0, 0x0000022d4204f950, 0x0000022d420dd610, 0x0000022d420b1740,
0x0000022d420b2010, 0x0000022d420b29d0, 0x0000022d4210f030, 0x0000022d4210fc30,
0x0000022d42110540, 0x0000022d42110e50, 0x0000022d422a8850, 0x0000022d422be590,
0x0000022d42af8390, 0x0000022d42af78f0
}

Java Threads: ( => current thread )
  0x0000022d1f045da0 JavaThread "main" [_thread_blocked, id=61352, stack(0x0000005f8ca00000,0x0000005f8cb00000)]
  0x0000022d4204f950 JavaThread "Reference Handler" daemon [_thread_blocked, id=20548, stack(0x0000005f8d100000,0x0000005f8d200000)]
  0x0000022d420dd610 JavaThread "Finalizer" daemon [_thread_blocked, id=51944, stack(0x0000005f8d200000,0x0000005f8d300000)]
  0x0000022d420b1740 JavaThread "Signal Dispatcher" daemon [_thread_blocked, id=26996, stack(0x0000005f8d300000,0x0000005f8d400000)]
  0x0000022d420b2010 JavaThread "Attach Listener" daemon [_thread_blocked, id=61548, stack(0x0000005f8d400000,0x0000005f8d500000)]
  0x0000022d420b29d0 JavaThread "Service Thread" daemon [_thread_blocked, id=56348, stack(0x0000005f8d500000,0x0000005f8d600000)]
  0x0000022d4210f030 JavaThread "Monitor Deflation Thread" daemon [_thread_blocked, id=6408, stack(0x0000005f8d600000,0x0000005f8d700000)]
=>0x0000022d4210fc30 JavaThread "C2 CompilerThread0" daemon [_thread_in_native, id=16120, stack(0x0000005f8d700000,0x0000005f8d800000)]
  0x0000022d42110540 JavaThread "C1 CompilerThread0" daemon [_thread_blocked, id=22268, stack(0x0000005f8d800000,0x0000005f8d900000)]
  0x0000022d42110e50 JavaThread "Sweeper thread" daemon [_thread_blocked, id=39572, stack(0x0000005f8d900000,0x0000005f8da00000)]
  0x0000022d422a8850 JavaThread "Notification Thread" daemon [_thread_blocked, id=49312, stack(0x0000005f8da00000,0x0000005f8db00000)]
  0x0000022d422be590 JavaThread "Common-Cleaner" daemon [_thread_blocked, id=62508, stack(0x0000005f8dc00000,0x0000005f8dd00000)]
  0x0000022d42af8390 JavaThread "C2 CompilerThread1" daemon [_thread_blocked, id=30828, stack(0x0000005f8dd00000,0x0000005f8de00000)]
  0x0000022d42af78f0 JavaThread "C2 CompilerThread2" daemon [_thread_blocked, id=41408, stack(0x0000005f8de00000,0x0000005f8df00000)]

Other Threads:
  0x0000022d4204edb0 VMThread "VM Thread" [stack: 0x0000005f8d000000,0x0000005f8d100000] [id=57848] _threads_hazard_ptr=0x0000022d425a9d50
  0x0000022d1f0e63f0 WatcherThread [stack: 0x0000005f8db00000,0x0000005f8dc00000] [id=54636]
  0x0000022d1f0b0da0 GCTaskThread "GC Thread#0" [stack: 0x0000005f8cb00000,0x0000005f8cc00000] [id=32656]
  0x0000022d423e0050 GCTaskThread "GC Thread#1" [stack: 0x0000005f8df00000,0x0000005f8e000000] [id=42164]
  0x0000022d470548d0 GCTaskThread "GC Thread#2" [stack: 0x0000005f8e000000,0x0000005f8e100000] [id=24036]
  0x0000022d47054b90 GCTaskThread "GC Thread#3" [stack: 0x0000005f8e100000,0x0000005f8e200000] [id=23340]
  0x0000022d42bcafd0 GCTaskThread "GC Thread#4" [stack: 0x0000005f8e200000,0x0000005f8e300000] [id=4696]
  0x0000022d42bcb290 GCTaskThread "GC Thread#5" [stack: 0x0000005f8e300000,0x0000005f8e400000] [id=63264]
  0x0000022d429e8670 GCTaskThread "GC Thread#6" [stack: 0x0000005f8e400000,0x0000005f8e500000] [id=58364]
  0x0000022d1f0c1800 ConcurrentGCThread "G1 Main Marker" [stack: 0x0000005f8cc00000,0x0000005f8cd00000] [id=34876]
  0x0000022d1f0c2210 ConcurrentGCThread "G1 Conc#0" [stack: 0x0000005f8cd00000,0x0000005f8ce00000] [id=54320]
  0x0000022d1f10e400 ConcurrentGCThread "G1 Refine#0" [stack: 0x0000005f8ce00000,0x0000005f8cf00000] [id=43996]
  0x0000022d41f02170 ConcurrentGCThread "G1 Service" [stack: 0x0000005f8cf00000,0x0000005f8d000000] [id=47452]

Threads with active compile tasks:
C2 CompilerThread0    20657 1057   !   4       sun.nio.cs.StreamDecoder::read0 (116 bytes)
C1 CompilerThread0    20658 1180       3       org.objectweb.asm.ClassReader::readUTF8 (23 bytes)

VM state: not at safepoint (normal execution)

VM Mutex/Monitor currently owned by a thread: None

Heap address: 0x0000000704e00000, size: 4018 MB, Compressed Oops mode: Zero based, Oop shift amount: 3

CDS archive(s) not mapped
Compressed class space mapped at: 0x0000000800000000-0x0000000840000000, reserved size: 1073741824
Narrow klass base: 0x0000000800000000, Narrow klass shift: 0, Narrow klass range: 0x40000000

GC Precious Log:
 CPUs: 12 total, 12 available
 Memory: 16068M
 Large Page Support: Disabled
 NUMA Support: Disabled
 Compressed Oops: Enabled (Zero based)
 Heap Region Size: 2M
 Heap Min Capacity: 8M
 Heap Initial Capacity: 252M
 Heap Max Capacity: 4018M
 Pre-touch: Disabled
 Parallel Workers: 10
 Concurrent Workers: 3
 Concurrent Refinement Workers: 10
 Periodic GC: Disabled

Heap:
 garbage-first heap   total 258048K, used 12060K [0x0000000704e00000, 0x0000000800000000)
  region size 2048K, 7 young (14336K), 2 survivors (4096K)
 Metaspace       used 13793K, committed 13952K, reserved 1114112K
  class space    used 1409K, committed 1472K, reserved 1048576K

Heap Regions: E=young(eden), S=young(survivor), O=old, HS=humongous(starts), HC=humongous(continues), CS=collection set, F=free, OA=open archive, CA=closed archive, TAMS=top-at-mark-start (previous, next)
|   0|0x0000000704e00000, 0x0000000704e00000, 0x0000000705000000|  0%| F|  |TAMS 0x0000000704e00000, 0x0000000704e00000| Untracked 
|   1|0x0000000705000000, 0x0000000705000000, 0x0000000705200000|  0%| F|  |TAMS 0x0000000705000000, 0x0000000705000000| Untracked 
|   2|0x0000000705200000, 0x0000000705200000, 0x0000000705400000|  0%| F|  |TAMS 0x0000000705200000, 0x0000000705200000| Untracked 
|   3|0x0000000705400000, 0x0000000705400000, 0x0000000705600000|  0%| F|  |TAMS 0x0000000705400000, 0x0000000705400000| Untracked 
|   4|0x0000000705600000, 0x0000000705600000, 0x0000000705800000|  0%| F|  |TAMS 0x0000000705600000, 0x0000000705600000| Untracked 
|   5|0x0000000705800000, 0x0000000705800000, 0x0000000705a00000|  0%| F|  |TAMS 0x0000000705800000, 0x0000000705800000| Untracked 
|   6|0x0000000705a00000, 0x0000000705a00000, 0x0000000705c00000|  0%| F|  |TAMS 0x0000000705a00000, 0x0000000705a00000| Untracked 
|   7|0x0000000705c00000, 0x0000000705c00000, 0x0000000705e00000|  0%| F|  |TAMS 0x0000000705c00000, 0x0000000705c00000| Untracked 
|   8|0x0000000705e00000, 0x0000000705e00000, 0x0000000706000000|  0%| F|  |TAMS 0x0000000705e00000, 0x0000000705e00000| Untracked 
|   9|0x0000000706000000, 0x0000000706000000, 0x0000000706200000|  0%| F|  |TAMS 0x0000000706000000, 0x0000000706000000| Untracked 
|  10|0x0000000706200000, 0x0000000706200000, 0x0000000706400000|  0%| F|  |TAMS 0x0000000706200000, 0x0000000706200000| Untracked 
|  11|0x0000000706400000, 0x0000000706400000, 0x0000000706600000|  0%| F|  |TAMS 0x0000000706400000, 0x0000000706400000| Untracked 
|  12|0x0000000706600000, 0x0000000706600000, 0x0000000706800000|  0%| F|  |TAMS 0x0000000706600000, 0x0000000706600000| Untracked 
|  13|0x0000000706800000, 0x0000000706800000, 0x0000000706a00000|  0%| F|  |TAMS 0x0000000706800000, 0x0000000706800000| Untracked 
|  14|0x0000000706a00000, 0x0000000706a00000, 0x0000000706c00000|  0%| F|  |TAMS 0x0000000706a00000, 0x0000000706a00000| Untracked 
|  15|0x0000000706c00000, 0x0000000706c00000, 0x0000000706e00000|  0%| F|  |TAMS 0x0000000706c00000, 0x0000000706c00000| Untracked 
|  16|0x0000000706e00000, 0x0000000706e00000, 0x0000000707000000|  0%| F|  |TAMS 0x0000000706e00000, 0x0000000706e00000| Untracked 
|  17|0x0000000707000000, 0x0000000707000000, 0x0000000707200000|  0%| F|  |TAMS 0x0000000707000000, 0x0000000707000000| Untracked 
|  18|0x0000000707200000, 0x0000000707200000, 0x0000000707400000|  0%| F|  |TAMS 0x0000000707200000, 0x0000000707200000| Untracked 
|  19|0x0000000707400000, 0x0000000707400000, 0x0000000707600000|  0%| F|  |TAMS 0x0000000707400000, 0x0000000707400000| Untracked 
|  20|0x0000000707600000, 0x0000000707600000, 0x0000000707800000|  0%| F|  |TAMS 0x0000000707600000, 0x0000000707600000| Untracked 
|  21|0x0000000707800000, 0x0000000707800000, 0x0000000707a00000|  0%| F|  |TAMS 0x0000000707800000, 0x0000000707800000| Untracked 
|  22|0x0000000707a00000, 0x0000000707a00000, 0x0000000707c00000|  0%| F|  |TAMS 0x0000000707a00000, 0x0000000707a00000| Untracked 
|  23|0x0000000707c00000, 0x0000000707c00000, 0x0000000707e00000|  0%| F|  |TAMS 0x0000000707c00000, 0x0000000707c00000| Untracked 
|  24|0x0000000707e00000, 0x0000000707e00000, 0x0000000708000000|  0%| F|  |TAMS 0x0000000707e00000, 0x0000000707e00000| Untracked 
|  25|0x0000000708000000, 0x0000000708000000, 0x0000000708200000|  0%| F|  |TAMS 0x0000000708000000, 0x0000000708000000| Untracked 
|  26|0x0000000708200000, 0x0000000708200000, 0x0000000708400000|  0%| F|  |TAMS 0x0000000708200000, 0x0000000708200000| Untracked 
|  27|0x0000000708400000, 0x0000000708400000, 0x0000000708600000|  0%| F|  |TAMS 0x0000000708400000, 0x0000000708400000| Untracked 
|  28|0x0000000708600000, 0x0000000708600000, 0x0000000708800000|  0%| F|  |TAMS 0x0000000708600000, 0x0000000708600000| Untracked 
|  29|0x0000000708800000, 0x0000000708800000, 0x0000000708a00000|  0%| F|  |TAMS 0x0000000708800000, 0x0000000708800000| Untracked 
|  30|0x0000000708a00000, 0x0000000708a00000, 0x0000000708c00000|  0%| F|  |TAMS 0x0000000708a00000, 0x0000000708a00000| Untracked 
|  31|0x0000000708c00000, 0x0000000708c00000, 0x0000000708e00000|  0%| F|  |TAMS 0x0000000708c00000, 0x0000000708c00000| Untracked 
|  32|0x0000000708e00000, 0x0000000708e00000, 0x0000000709000000|  0%| F|  |TAMS 0x0000000708e00000, 0x0000000708e00000| Untracked 
|  33|0x0000000709000000, 0x0000000709000000, 0x0000000709200000|  0%| F|  |TAMS 0x0000000709000000, 0x0000000709000000| Untracked 
|  34|0x0000000709200000, 0x0000000709200000, 0x0000000709400000|  0%| F|  |TAMS 0x0000000709200000, 0x0000000709200000| Untracked 
|  35|0x0000000709400000, 0x0000000709400000, 0x0000000709600000|  0%| F|  |TAMS 0x0000000709400000, 0x0000000709400000| Untracked 
|  36|0x0000000709600000, 0x0000000709600000, 0x0000000709800000|  0%| F|  |TAMS 0x0000000709600000, 0x0000000709600000| Untracked 
|  37|0x0000000709800000, 0x0000000709800000, 0x0000000709a00000|  0%| F|  |TAMS 0x0000000709800000, 0x0000000709800000| Untracked 
|  38|0x0000000709a00000, 0x0000000709a00000, 0x0000000709c00000|  0%| F|  |TAMS 0x0000000709a00000, 0x0000000709a00000| Untracked 
|  39|0x0000000709c00000, 0x0000000709c00000, 0x0000000709e00000|  0%| F|  |TAMS 0x0000000709c00000, 0x0000000709c00000| Untracked 
|  40|0x0000000709e00000, 0x0000000709e00000, 0x000000070a000000|  0%| F|  |TAMS 0x0000000709e00000, 0x0000000709e00000| Untracked 
|  41|0x000000070a000000, 0x000000070a000000, 0x000000070a200000|  0%| F|  |TAMS 0x000000070a000000, 0x000000070a000000| Untracked 
|  42|0x000000070a200000, 0x000000070a200000, 0x000000070a400000|  0%| F|  |TAMS 0x000000070a200000, 0x000000070a200000| Untracked 
|  43|0x000000070a400000, 0x000000070a400000, 0x000000070a600000|  0%| F|  |TAMS 0x000000070a400000, 0x000000070a400000| Untracked 
|  44|0x000000070a600000, 0x000000070a600000, 0x000000070a800000|  0%| F|  |TAMS 0x000000070a600000, 0x000000070a600000| Untracked 
|  45|0x000000070a800000, 0x000000070a800000, 0x000000070aa00000|  0%| F|  |TAMS 0x000000070a800000, 0x000000070a800000| Untracked 
|  46|0x000000070aa00000, 0x000000070aa00000, 0x000000070ac00000|  0%| F|  |TAMS 0x000000070aa00000, 0x000000070aa00000| Untracked 
|  47|0x000000070ac00000, 0x000000070ac00000, 0x000000070ae00000|  0%| F|  |TAMS 0x000000070ac00000, 0x000000070ac00000| Untracked 
|  48|0x000000070ae00000, 0x000000070ae00000, 0x000000070b000000|  0%| F|  |TAMS 0x000000070ae00000, 0x000000070ae00000| Untracked 
|  49|0x000000070b000000, 0x000000070b000000, 0x000000070b200000|  0%| F|  |TAMS 0x000000070b000000, 0x000000070b000000| Untracked 
|  50|0x000000070b200000, 0x000000070b200000, 0x000000070b400000|  0%| F|  |TAMS 0x000000070b200000, 0x000000070b200000| Untracked 
|  51|0x000000070b400000, 0x000000070b400000, 0x000000070b600000|  0%| F|  |TAMS 0x000000070b400000, 0x000000070b400000| Untracked 
|  52|0x000000070b600000, 0x000000070b600000, 0x000000070b800000|  0%| F|  |TAMS 0x000000070b600000, 0x000000070b600000| Untracked 
|  53|0x000000070b800000, 0x000000070b800000, 0x000000070ba00000|  0%| F|  |TAMS 0x000000070b800000, 0x000000070b800000| Untracked 
|  54|0x000000070ba00000, 0x000000070ba00000, 0x000000070bc00000|  0%| F|  |TAMS 0x000000070ba00000, 0x000000070ba00000| Untracked 
|  55|0x000000070bc00000, 0x000000070bc00000, 0x000000070be00000|  0%| F|  |TAMS 0x000000070bc00000, 0x000000070bc00000| Untracked 
|  56|0x000000070be00000, 0x000000070be00000, 0x000000070c000000|  0%| F|  |TAMS 0x000000070be00000, 0x000000070be00000| Untracked 
|  57|0x000000070c000000, 0x000000070c000000, 0x000000070c200000|  0%| F|  |TAMS 0x000000070c000000, 0x000000070c000000| Untracked 
|  58|0x000000070c200000, 0x000000070c200000, 0x000000070c400000|  0%| F|  |TAMS 0x000000070c200000, 0x000000070c200000| Untracked 
|  59|0x000000070c400000, 0x000000070c400000, 0x000000070c600000|  0%| F|  |TAMS 0x000000070c400000, 0x000000070c400000| Untracked 
|  60|0x000000070c600000, 0x000000070c600000, 0x000000070c800000|  0%| F|  |TAMS 0x000000070c600000, 0x000000070c600000| Untracked 
|  61|0x000000070c800000, 0x000000070c800000, 0x000000070ca00000|  0%| F|  |TAMS 0x000000070c800000, 0x000000070c800000| Untracked 
|  62|0x000000070ca00000, 0x000000070ca00000, 0x000000070cc00000|  0%| F|  |TAMS 0x000000070ca00000, 0x000000070ca00000| Untracked 
|  63|0x000000070cc00000, 0x000000070cc00000, 0x000000070ce00000|  0%| F|  |TAMS 0x000000070cc00000, 0x000000070cc00000| Untracked 
|  64|0x000000070ce00000, 0x000000070ce00000, 0x000000070d000000|  0%| F|  |TAMS 0x000000070ce00000, 0x000000070ce00000| Untracked 
|  65|0x000000070d000000, 0x000000070d000000, 0x000000070d200000|  0%| F|  |TAMS 0x000000070d000000, 0x000000070d000000| Untracked 
|  66|0x000000070d200000, 0x000000070d200000, 0x000000070d400000|  0%| F|  |TAMS 0x000000070d200000, 0x000000070d200000| Untracked 
|  67|0x000000070d400000, 0x000000070d400000, 0x000000070d600000|  0%| F|  |TAMS 0x000000070d400000, 0x000000070d400000| Untracked 
|  68|0x000000070d600000, 0x000000070d600000, 0x000000070d800000|  0%| F|  |TAMS 0x000000070d600000, 0x000000070d600000| Untracked 
|  69|0x000000070d800000, 0x000000070d800000, 0x000000070da00000|  0%| F|  |TAMS 0x000000070d800000, 0x000000070d800000| Untracked 
|  70|0x000000070da00000, 0x000000070da00000, 0x000000070dc00000|  0%| F|  |TAMS 0x000000070da00000, 0x000000070da00000| Untracked 
|  71|0x000000070dc00000, 0x000000070dc00000, 0x000000070de00000|  0%| F|  |TAMS 0x000000070dc00000, 0x000000070dc00000| Untracked 
|  72|0x000000070de00000, 0x000000070de00000, 0x000000070e000000|  0%| F|  |TAMS 0x000000070de00000, 0x000000070de00000| Untracked 
|  73|0x000000070e000000, 0x000000070e000000, 0x000000070e200000|  0%| F|  |TAMS 0x000000070e000000, 0x000000070e000000| Untracked 
|  74|0x000000070e200000, 0x000000070e200000, 0x000000070e400000|  0%| F|  |TAMS 0x000000070e200000, 0x000000070e200000| Untracked 
|  75|0x000000070e400000, 0x000000070e400000, 0x000000070e600000|  0%| F|  |TAMS 0x000000070e400000, 0x000000070e400000| Untracked 
|  76|0x000000070e600000, 0x000000070e600000, 0x000000070e800000|  0%| F|  |TAMS 0x000000070e600000, 0x000000070e600000| Untracked 
|  77|0x000000070e800000, 0x000000070e800000, 0x000000070ea00000|  0%| F|  |TAMS 0x000000070e800000, 0x000000070e800000| Untracked 
|  78|0x000000070ea00000, 0x000000070ea00000, 0x000000070ec00000|  0%| F|  |TAMS 0x000000070ea00000, 0x000000070ea00000| Untracked 
|  79|0x000000070ec00000, 0x000000070ec00000, 0x000000070ee00000|  0%| F|  |TAMS 0x000000070ec00000, 0x000000070ec00000| Untracked 
|  80|0x000000070ee00000, 0x000000070ee00000, 0x000000070f000000|  0%| F|  |TAMS 0x000000070ee00000, 0x000000070ee00000| Untracked 
|  81|0x000000070f000000, 0x000000070f000000, 0x000000070f200000|  0%| F|  |TAMS 0x000000070f000000, 0x000000070f000000| Untracked 
|  82|0x000000070f200000, 0x000000070f200000, 0x000000070f400000|  0%| F|  |TAMS 0x000000070f200000, 0x000000070f200000| Untracked 
|  83|0x000000070f400000, 0x000000070f400000, 0x000000070f600000|  0%| F|  |TAMS 0x000000070f400000, 0x000000070f400000| Untracked 
|  84|0x000000070f600000, 0x000000070f600000, 0x000000070f800000|  0%| F|  |TAMS 0x000000070f600000, 0x000000070f600000| Untracked 
|  85|0x000000070f800000, 0x000000070f800000, 0x000000070fa00000|  0%| F|  |TAMS 0x000000070f800000, 0x000000070f800000| Untracked 
|  86|0x000000070fa00000, 0x000000070fa00000, 0x000000070fc00000|  0%| F|  |TAMS 0x000000070fa00000, 0x000000070fa00000| Untracked 
|  87|0x000000070fc00000, 0x000000070fc00000, 0x000000070fe00000|  0%| F|  |TAMS 0x000000070fc00000, 0x000000070fc00000| Untracked 
|  88|0x000000070fe00000, 0x000000070fe00000, 0x0000000710000000|  0%| F|  |TAMS 0x000000070fe00000, 0x000000070fe00000| Untracked 
|  89|0x0000000710000000, 0x0000000710000000, 0x0000000710200000|  0%| F|  |TAMS 0x0000000710000000, 0x0000000710000000| Untracked 
|  90|0x0000000710200000, 0x0000000710200000, 0x0000000710400000|  0%| F|  |TAMS 0x0000000710200000, 0x0000000710200000| Untracked 
|  91|0x0000000710400000, 0x0000000710400000, 0x0000000710600000|  0%| F|  |TAMS 0x0000000710400000, 0x0000000710400000| Untracked 
|  92|0x0000000710600000, 0x0000000710600000, 0x0000000710800000|  0%| F|  |TAMS 0x0000000710600000, 0x0000000710600000| Untracked 
|  93|0x0000000710800000, 0x0000000710800000, 0x0000000710a00000|  0%| F|  |TAMS 0x0000000710800000, 0x0000000710800000| Untracked 
|  94|0x0000000710a00000, 0x0000000710a00000, 0x0000000710c00000|  0%| F|  |TAMS 0x0000000710a00000, 0x0000000710a00000| Untracked 
|  95|0x0000000710c00000, 0x0000000710c00000, 0x0000000710e00000|  0%| F|  |TAMS 0x0000000710c00000, 0x0000000710c00000| Untracked 
|  96|0x0000000710e00000, 0x0000000710e00000, 0x0000000711000000|  0%| F|  |TAMS 0x0000000710e00000, 0x0000000710e00000| Untracked 
|  97|0x0000000711000000, 0x0000000711000000, 0x0000000711200000|  0%| F|  |TAMS 0x0000000711000000, 0x0000000711000000| Untracked 
|  98|0x0000000711200000, 0x0000000711200000, 0x0000000711400000|  0%| F|  |TAMS 0x0000000711200000, 0x0000000711200000| Untracked 
|  99|0x0000000711400000, 0x0000000711400000, 0x0000000711600000|  0%| F|  |TAMS 0x0000000711400000, 0x0000000711400000| Untracked 
| 100|0x0000000711600000, 0x0000000711600000, 0x0000000711800000|  0%| F|  |TAMS 0x0000000711600000, 0x0000000711600000| Untracked 
| 101|0x0000000711800000, 0x0000000711800000, 0x0000000711a00000|  0%| F|  |TAMS 0x0000000711800000, 0x0000000711800000| Untracked 
| 102|0x0000000711a00000, 0x0000000711a00000, 0x0000000711c00000|  0%| F|  |TAMS 0x0000000711a00000, 0x0000000711a00000| Untracked 
| 103|0x0000000711c00000, 0x0000000711c00000, 0x0000000711e00000|  0%| F|  |TAMS 0x0000000711c00000, 0x0000000711c00000| Untracked 
| 104|0x0000000711e00000, 0x0000000711e00000, 0x0000000712000000|  0%| F|  |TAMS 0x0000000711e00000, 0x0000000711e00000| Untracked 
| 105|0x0000000712000000, 0x0000000712000000, 0x0000000712200000|  0%| F|  |TAMS 0x0000000712000000, 0x0000000712000000| Untracked 
| 106|0x0000000712200000, 0x0000000712200000, 0x0000000712400000|  0%| F|  |TAMS 0x0000000712200000, 0x0000000712200000| Untracked 
| 107|0x0000000712400000, 0x0000000712400000, 0x0000000712600000|  0%| F|  |TAMS 0x0000000712400000, 0x0000000712400000| Untracked 
| 108|0x0000000712600000, 0x0000000712600000, 0x0000000712800000|  0%| F|  |TAMS 0x0000000712600000, 0x0000000712600000| Untracked 
| 109|0x0000000712800000, 0x0000000712800000, 0x0000000712a00000|  0%| F|  |TAMS 0x0000000712800000, 0x0000000712800000| Untracked 
| 110|0x0000000712a00000, 0x0000000712a00000, 0x0000000712c00000|  0%| F|  |TAMS 0x0000000712a00000, 0x0000000712a00000| Untracked 
| 111|0x0000000712c00000, 0x0000000712c00000, 0x0000000712e00000|  0%| F|  |TAMS 0x0000000712c00000, 0x0000000712c00000| Untracked 
| 112|0x0000000712e00000, 0x0000000712e00000, 0x0000000713000000|  0%| F|  |TAMS 0x0000000712e00000, 0x0000000712e00000| Untracked 
| 113|0x0000000713000000, 0x00000007131c7210, 0x0000000713200000| 88%| S|CS|TAMS 0x0000000713000000, 0x0000000713000000| Complete 
| 114|0x0000000713200000, 0x0000000713400000, 0x0000000713400000|100%| S|CS|TAMS 0x0000000713200000, 0x0000000713200000| Complete 
| 115|0x0000000713400000, 0x0000000713400000, 0x0000000713600000|  0%| F|  |TAMS 0x0000000713400000, 0x0000000713400000| Untracked 
| 116|0x0000000713600000, 0x0000000713600000, 0x0000000713800000|  0%| F|  |TAMS 0x0000000713600000, 0x0000000713600000| Untracked 
| 117|0x0000000713800000, 0x0000000713800000, 0x0000000713a00000|  0%| F|  |TAMS 0x0000000713800000, 0x0000000713800000| Untracked 
| 118|0x0000000713a00000, 0x0000000713a00000, 0x0000000713c00000|  0%| F|  |TAMS 0x0000000713a00000, 0x0000000713a00000| Untracked 
| 119|0x0000000713c00000, 0x0000000713c00000, 0x0000000713e00000|  0%| F|  |TAMS 0x0000000713c00000, 0x0000000713c00000| Untracked 
| 120|0x0000000713e00000, 0x0000000713e00000, 0x0000000714000000|  0%| F|  |TAMS 0x0000000713e00000, 0x0000000713e00000| Untracked 
| 121|0x0000000714000000, 0x000000071412b628, 0x0000000714200000| 58%| E|  |TAMS 0x0000000714000000, 0x0000000714000000| Complete 
| 122|0x0000000714200000, 0x0000000714400000, 0x0000000714400000|100%| E|CS|TAMS 0x0000000714200000, 0x0000000714200000| Complete 
| 123|0x0000000714400000, 0x0000000714600000, 0x0000000714600000|100%| E|CS|TAMS 0x0000000714400000, 0x0000000714400000| Complete 
| 124|0x0000000714600000, 0x0000000714800000, 0x0000000714800000|100%| E|CS|TAMS 0x0000000714600000, 0x0000000714600000| Complete 
| 125|0x0000000714800000, 0x0000000714a00000, 0x0000000714a00000|100%| E|CS|TAMS 0x0000000714800000, 0x0000000714800000| Complete 

Card table byte_map: [0x0000022d36650000,0x0000022d36e30000] _byte_map_base: 0x0000022d32e29000

Marking Bits (Prev, Next): (CMBitMap*) 0x0000022d1f0b13c0, (CMBitMap*) 0x0000022d1f0b1400
 Prev Bits: [0x0000022d37610000, 0x0000022d3b4d8000)
 Next Bits: [0x0000022d3b4e0000, 0x0000022d3f3a8000)

Polling page: 0x0000022d1cff0000

Metaspace:

Usage:
  Non-class:     12.11 MB used.
      Class:      1.38 MB used.
       Both:     13.50 MB used.

Virtual space:
  Non-class space:       64.00 MB reserved,      12.19 MB ( 19%) committed,  1 nodes.
      Class space:        1.00 GB reserved,       1.44 MB ( <1%) committed,  1 nodes.
             Both:        1.06 GB reserved,      13.62 MB (  1%) committed. 

Chunk freelists:
   Non-Class:  3.39 MB
       Class:  14.38 MB
        Both:  17.77 MB

MaxMetaspaceSize: unlimited
CompressedClassSpaceSize: 1.00 GB
Initial GC threshold: 21.00 MB
Current GC threshold: 21.00 MB
CDS: off
MetaspaceReclaimPolicy: balanced
 - commit_granule_bytes: 65536.
 - commit_granule_words: 8192.
 - virtual_space_node_default_size: 8388608.
 - enlarge_chunks_in_place: 1.
 - new_chunks_are_fully_committed: 0.
 - uncommit_free_chunks: 1.
 - use_allocation_guard: 0.
 - handle_deallocations: 1.


Internal statistics:

num_allocs_failed_limit: 0.
num_arena_births: 50.
num_arena_deaths: 0.
num_vsnodes_births: 2.
num_vsnodes_deaths: 0.
num_space_committed: 218.
num_space_uncommitted: 0.
num_chunks_returned_to_freelist: 0.
num_chunks_taken_from_freelist: 251.
num_chunk_merges: 0.
num_chunk_splits: 146.
num_chunks_enlarged: 119.
num_inconsistent_stats: 0.

CodeHeap 'non-profiled nmethods': size=120000Kb used=461Kb max_used=461Kb free=119538Kb
 bounds [0x0000022d2e3d0000, 0x0000022d2e640000, 0x0000022d35900000]
CodeHeap 'profiled nmethods': size=120000Kb used=2294Kb max_used=2294Kb free=117705Kb
 bounds [0x0000022d26900000, 0x0000022d26b70000, 0x0000022d2de30000]
CodeHeap 'non-nmethods': size=5760Kb used=1151Kb max_used=1192Kb free=4608Kb
 bounds [0x0000022d2de30000, 0x0000022d2e0a0000, 0x0000022d2e3d0000]
 total_blobs=1630 nmethods=1188 adapters=355
 compilation: enabled
              stopped_count=0, restarted_count=0
 full_count=0

Compilation events (20 events):
Event: 15.557 Thread 0x0000022d42af78f0 nmethod 1043 0x0000022d2e43e710 code [0x0000022d2e43e880, 0x0000022d2e43e918]
Event: 15.557 Thread 0x0000022d42af78f0 1019       4       org.codehaus.plexus.util.InterpolationFilterReader::read (477 bytes)
Event: 15.560 Thread 0x0000022d42110540 nmethod 1142 0x0000022d26b25410 code [0x0000022d26b256c0, 0x0000022d26b26458]
Event: 15.561 Thread 0x0000022d42110540 1143       3       java.lang.CharacterDataLatin1::getType (11 bytes)
Event: 15.562 Thread 0x0000022d42110540 nmethod 1143 0x0000022d26b26990 code [0x0000022d26b26b20, 0x0000022d26b26cb8]
Event: 15.562 Thread 0x0000022d42110540 1148       3       java.util.ImmutableCollections$List12::get (35 bytes)
Event: 15.563 Thread 0x0000022d42110540 nmethod 1148 0x0000022d26b26e10 code [0x0000022d26b26fc0, 0x0000022d26b27288]
Event: 15.563 Thread 0x0000022d42110540 1149       3       jdk.internal.jimage.ImageStringsReader::stringFromByteBufferMatches (138 bytes)
Event: 15.565 Thread 0x0000022d42af8390 nmethod 1008 0x0000022d2e43ea10 code [0x0000022d2e43eba0, 0x0000022d2e43eca8]
Event: 15.565 Thread 0x0000022d42af8390 1147       4       java.lang.AbstractStringBuilder::append (77 bytes)
Event: 15.568 Thread 0x0000022d42110540 nmethod 1149 0x0000022d26b27390 code [0x0000022d26b27680, 0x0000022d26b288c8]
Event: 15.568 Thread 0x0000022d42110540 1144       3       java.io.File::<init> (47 bytes)
Event: 15.569 Thread 0x0000022d42110540 nmethod 1144 0x0000022d26b29110 code [0x0000022d26b292e0, 0x0000022d26b29688]
Event: 15.569 Thread 0x0000022d42110540 1145       1       sun.nio.fs.NativeBuffer::setOwner (6 bytes)
Event: 15.570 Thread 0x0000022d42110540 nmethod 1145 0x0000022d2e43ee10 code [0x0000022d2e43efa0, 0x0000022d2e43f0b8]
Event: 15.570 Thread 0x0000022d42110540 1146       1       sun.nio.fs.NativeBuffer::size (5 bytes)
Event: 15.570 Thread 0x0000022d42110540 nmethod 1146 0x0000022d2e43f110 code [0x0000022d2e43f2a0, 0x0000022d2e43f378]
Event: 15.572 Thread 0x0000022d42af78f0 nmethod 1019 0x0000022d2e43f410 code [0x0000022d2e43f5c0, 0x0000022d2e43f898]
Event: 15.574 Thread 0x0000022d42af78f0 1020       4       java.io.Reader::read (21 bytes)
Event: 15.576 Thread 0x0000022d42af78f0 nmethod 1020 0x0000022d2e43fc90 code [0x0000022d2e43fe20, 0x0000022d2e43ffe8]

GC Heap History (2 events):
Event: 15.349 GC heap before
{Heap before GC invocations=0 (full 0):
 garbage-first heap   total 258048K, used 22528K [0x0000000704e00000, 0x0000000800000000)
  region size 2048K, 11 young (22528K), 0 survivors (0K)
 Metaspace       used 13297K, committed 13440K, reserved 1114112K
  class space    used 1342K, committed 1408K, reserved 1048576K
}
Event: 15.353 GC heap after
{Heap after GC invocations=1 (full 0):
 garbage-first heap   total 258048K, used 3868K [0x0000000704e00000, 0x0000000800000000)
  region size 2048K, 2 young (4096K), 2 survivors (4096K)
 Metaspace       used 13297K, committed 13440K, reserved 1114112K
  class space    used 1342K, committed 1408K, reserved 1048576K
}

Deoptimization events (20 events):
Event: 15.448 Thread 0x0000022d1f045da0 Uncommon trap: trap_request=0xffffff45 fr.pc=0x0000022d2e42b0f0 relative=0x0000000000002810
Event: 15.448 Thread 0x0000022d1f045da0 Uncommon trap: reason=unstable_if action=reinterpret pc=0x0000022d2e42b0f0 method=sun.nio.cs.StreamDecoder.implRead([CII)I @ 197 c2
Event: 15.448 Thread 0x0000022d1f045da0 DEOPT PACKING pc=0x0000022d2e42b0f0 sp=0x0000005f8cafd6c0
Event: 15.448 Thread 0x0000022d1f045da0 DEOPT UNPACKING pc=0x0000022d2de823a3 sp=0x0000005f8cafd480 mode 2
Event: 15.453 Thread 0x0000022d1f045da0 Uncommon trap: trap_request=0xffffffde fr.pc=0x0000022d2e426748 relative=0x00000000000001a8
Event: 15.453 Thread 0x0000022d1f045da0 Uncommon trap: reason=class_check action=maybe_recompile pc=0x0000022d2e426748 method=java.nio.Buffer.<init>(IIIILjdk/internal/access/foreign/MemorySegmentProxy;)V @ 39 c2
Event: 15.454 Thread 0x0000022d1f045da0 DEOPT PACKING pc=0x0000022d2e426748 sp=0x0000005f8cafd6f0
Event: 15.454 Thread 0x0000022d1f045da0 DEOPT UNPACKING pc=0x0000022d2de823a3 sp=0x0000005f8cafd6c8 mode 2
Event: 15.456 Thread 0x0000022d1f045da0 Uncommon trap: trap_request=0xffffffde fr.pc=0x0000022d2e426748 relative=0x00000000000001a8
Event: 15.456 Thread 0x0000022d1f045da0 Uncommon trap: reason=class_check action=maybe_recompile pc=0x0000022d2e426748 method=java.nio.Buffer.<init>(IIIILjdk/internal/access/foreign/MemorySegmentProxy;)V @ 39 c2
Event: 15.456 Thread 0x0000022d1f045da0 DEOPT PACKING pc=0x0000022d2e426748 sp=0x0000005f8cafd6f0
Event: 15.456 Thread 0x0000022d1f045da0 DEOPT UNPACKING pc=0x0000022d2de823a3 sp=0x0000005f8cafd6c8 mode 2
Event: 15.463 Thread 0x0000022d1f045da0 Uncommon trap: trap_request=0xffffffde fr.pc=0x0000022d2e426748 relative=0x00000000000001a8
Event: 15.463 Thread 0x0000022d1f045da0 Uncommon trap: reason=class_check action=maybe_recompile pc=0x0000022d2e426748 method=java.nio.Buffer.<init>(IIIILjdk/internal/access/foreign/MemorySegmentProxy;)V @ 39 c2
Event: 15.463 Thread 0x0000022d1f045da0 DEOPT PACKING pc=0x0000022d2e426748 sp=0x0000005f8cafd600
Event: 15.463 Thread 0x0000022d1f045da0 DEOPT UNPACKING pc=0x0000022d2de823a3 sp=0x0000005f8cafd5d8 mode 2
Event: 15.475 Thread 0x0000022d1f045da0 Uncommon trap: trap_request=0xffffffde fr.pc=0x0000022d2e426748 relative=0x00000000000001a8
Event: 15.475 Thread 0x0000022d1f045da0 Uncommon trap: reason=class_check action=maybe_recompile pc=0x0000022d2e426748 method=java.nio.Buffer.<init>(IIIILjdk/internal/access/foreign/MemorySegmentProxy;)V @ 39 c2
Event: 15.476 Thread 0x0000022d1f045da0 DEOPT PACKING pc=0x0000022d2e426748 sp=0x0000005f8cafd6f0
Event: 15.476 Thread 0x0000022d1f045da0 DEOPT UNPACKING pc=0x0000022d2de823a3 sp=0x0000005f8cafd6c8 mode 2

Classes unloaded (0 events):
No events

Classes redefined (0 events):
No events

Internal exceptions (20 events):
Event: 6.599 Thread 0x0000022d1f045da0 Exception <a 'java/lang/NullPointerException'{0x0000000714520c98}> (0x0000000714520c98) 
thrown [s\open\src\hotspot\share\interpreter\linkResolver.cpp, line 1350]
Event: 6.599 Thread 0x0000022d1f045da0 Exception <a 'java/lang/NullPointerException'{0x0000000714520f70}> (0x0000000714520f70) 
thrown [s\open\src\hotspot\share\interpreter\linkResolver.cpp, line 1350]
Event: 6.599 Thread 0x0000022d1f045da0 Exception <a 'java/lang/NullPointerException'{0x0000000714521248}> (0x0000000714521248) 
thrown [s\open\src\hotspot\share\interpreter\linkResolver.cpp, line 1350]
Event: 6.600 Thread 0x0000022d1f045da0 Exception <a 'java/lang/NullPointerException'{0x0000000714528728}> (0x0000000714528728) 
thrown [s\open\src\hotspot\share\interpreter\linkResolver.cpp, line 1350]
Event: 6.603 Thread 0x0000022d1f045da0 Exception <a 'java/lang/NullPointerException'{0x000000071453ff00}> (0x000000071453ff00) 
thrown [s\open\src\hotspot\share\interpreter\linkResolver.cpp, line 1350]
Event: 6.603 Thread 0x0000022d1f045da0 Exception <a 'java/lang/NullPointerException'{0x00000007145401d8}> (0x00000007145401d8) 
thrown [s\open\src\hotspot\share\interpreter\linkResolver.cpp, line 1350]
Event: 6.603 Thread 0x0000022d1f045da0 Exception <a 'java/lang/NullPointerException'{0x00000007145404b0}> (0x00000007145404b0) 
thrown [s\open\src\hotspot\share\interpreter\linkResolver.cpp, line 1350]
Event: 6.603 Thread 0x0000022d1f045da0 Exception <a 'java/lang/NullPointerException'{0x0000000714540788}> (0x0000000714540788) 
thrown [s\open\src\hotspot\share\interpreter\linkResolver.cpp, line 1350]
Event: 6.627 Thread 0x0000022d1f045da0 Exception <a 'java/lang/NoSuchMethodError'{0x000000071422da48}: 'void java.lang.invoke.DirectMethodHandle$Holder.invokeVirtual(java.lang.Object, java.lang.Object)'> (0x000000071422da48) 
thrown [s\open\src\hotspot\share\interpreter\linkResolver.cpp, line 759]
Event: 6.631 Thread 0x0000022d1f045da0 Exception <a 'java/lang/NoSuchMethodError'{0x000000071424b7e0}: 'void java.lang.invoke.DirectMethodHandle$Holder.invokeStatic(java.lang.Object, java.lang.Object)'> (0x000000071424b7e0) 
thrown [s\open\src\hotspot\share\interpreter\linkResolver.cpp, line 759]
Event: 6.632 Thread 0x0000022d1f045da0 Exception <a 'java/lang/NoSuchMethodError'{0x000000071424ede0}: 'void java.lang.invoke.DirectMethodHandle$Holder.invokeStaticInit(java.lang.Object, java.lang.Object)'> (0x000000071424ede0) 
thrown [s\open\src\hotspot\share\interpreter\linkResolver.cpp, line 759]
Event: 6.650 Thread 0x0000022d1f045da0 Exception <a 'java/lang/NoSuchMethodError'{0x00000007142a3e40}: 'void java.lang.invoke.DirectMethodHandle$Holder.invokeStatic(java.lang.Object, java.lang.Object, java.lang.Object)'> (0x00000007142a3e40) 
thrown [s\open\src\hotspot\share\interpreter\linkResolver.cpp, line 759]
Event: 8.715 Thread 0x0000022d1f045da0 Exception <a 'java/lang/NoSuchMethodError'{0x000000071405a030}: 'java.lang.Object java.lang.invoke.DirectMethodHandle$Holder.invokeSpecialIFC(java.lang.Object, java.lang.Object, java.lang.Object, java.lang.Object)'> (0x000000071405a030) 
thrown [s\open\src\hotspot\share\interpreter\linkResolver.cpp, line 759]
Event: 13.057 Thread 0x0000022d1f045da0 Exception <a 'java/lang/NoSuchMethodError'{0x0000000713aa1738}: 'void java.lang.invoke.DirectMethodHandle$Holder.invokeSpecial(java.lang.Object, java.lang.Object, java.lang.Object)'> (0x0000000713aa1738) 
thrown [s\open\src\hotspot\share\interpreter\linkResolver.cpp, line 759]
Event: 14.126 Thread 0x0000022d1f045da0 Exception <a 'java/lang/NoSuchMethodError'{0x00000007138187f0}: 'java.lang.Object java.lang.invoke.DirectMethodHandle$Holder.invokeInterface(java.lang.Object, java.lang.Object)'> (0x00000007138187f0) 
thrown [s\open\src\hotspot\share\interpreter\linkResolver.cpp, line 759]
Event: 14.158 Thread 0x0000022d1f045da0 Exception <a 'java/lang/NoSuchMethodError'{0x00000007138cfd08}: 'java.lang.Object java.lang.invoke.Invokers$Holder.invokeExact_MT(java.lang.Object, java.lang.Object, java.lang.Object, java.lang.Object, java.lang.Object, java.lang.Object)'> (0x00000007138cfd08) 
thrown [s\open\src\hotspot\share\interpreter\linkResolver.cpp, line 759]
Event: 14.160 Thread 0x0000022d1f045da0 Exception <a 'java/lang/NoSuchMethodError'{0x00000007138e1168}: 'int java.lang.invoke.DirectMethodHandle$Holder.invokeSpecialIFC(java.lang.Object, java.lang.Object, java.lang.Object, java.lang.Object, java.lang.Object)'> (0x00000007138e1168) 
thrown [s\open\src\hotspot\share\interpreter\linkResolver.cpp, line 759]
Event: 15.269 Thread 0x0000022d1f045da0 Exception <a 'java/lang/NoSuchMethodError'{0x00000007136ac4c8}: 'java.lang.Object java.lang.invoke.DirectMethodHandle$Holder.newInvokeSpecial(java.lang.Object, java.lang.Object, java.lang.Object, java.lang.Object, java.lang.Object)'> (0x00000007136ac4c8) 
thrown [s\open\src\hotspot\share\interpreter\linkResolver.cpp, line 759]
Event: 15.307 Thread 0x0000022d1f045da0 Exception <a 'java/lang/NoSuchMethodError'{0x00000007137ddcb0}: 'int java.lang.invoke.DirectMethodHandle$Holder.invokeStaticInit(java.lang.Object, java.lang.Object)'> (0x00000007137ddcb0) 
thrown [s\open\src\hotspot\share\interpreter\linkResolver.cpp, line 759]
Event: 15.323 Thread 0x0000022d1f045da0 Exception <a 'java/lang/NoClassDefFoundError'{0x00000007134194b8}: javax/enterprise/inject/Typed> (0x00000007134194b8) 
thrown [s\open\src\hotspot\share\classfile\systemDictionary.cpp, line 245]

VM Operations (20 events):
Event: 7.580 Executing VM operation: Cleanup
Event: 7.612 Executing VM operation: Cleanup done
Event: 7.625 Executing VM operation: HandshakeAllThreads
Event: 7.625 Executing VM operation: HandshakeAllThreads done
Event: 8.625 Executing VM operation: Cleanup
Event: 8.625 Executing VM operation: Cleanup done
Event: 9.636 Executing VM operation: Cleanup
Event: 9.746 Executing VM operation: Cleanup done
Event: 11.786 Executing VM operation: HandshakeAllThreads
Event: 11.786 Executing VM operation: HandshakeAllThreads done
Event: 12.792 Executing VM operation: Cleanup
Event: 12.793 Executing VM operation: Cleanup done
Event: 13.798 Executing VM operation: Cleanup
Event: 14.122 Executing VM operation: Cleanup done
Event: 15.127 Executing VM operation: Cleanup
Event: 15.193 Executing VM operation: Cleanup done
Event: 15.349 Executing VM operation: G1CollectForAllocation
Event: 15.353 Executing VM operation: G1CollectForAllocation done
Event: 16.358 Executing VM operation: Cleanup
Event: 16.358 Executing VM operation: Cleanup done

Events (20 events):
Event: 15.292 loading class java/lang/reflect/ParameterizedType
Event: 15.292 loading class java/lang/reflect/ParameterizedType done
Event: 15.295 loading class java/lang/reflect/TypeVariable
Event: 15.295 loading class java/lang/reflect/TypeVariable done
Event: 15.295 loading class java/lang/reflect/WildcardType
Event: 15.295 loading class java/lang/reflect/WildcardType done
Event: 15.297 loading class sun/reflect/generics/tree/TypeVariableSignature
Event: 15.298 loading class sun/reflect/generics/tree/TypeVariableSignature done
Event: 15.323 loading class java/lang/annotation/IncompleteAnnotationException
Event: 15.323 loading class java/lang/annotation/IncompleteAnnotationException done
Event: 15.336 Thread 0x0000022d42af8390 Thread added: 0x0000022d42af8390
Event: 15.347 Thread 0x0000022d42af78f0 Thread added: 0x0000022d42af78f0
Event: 15.353 loading class jdk/internal/access/foreign/MemorySegmentProxy
Event: 15.353 loading class jdk/internal/access/foreign/MemorySegmentProxy done
Event: 15.456 loading class sun/reflect/generics/reflectiveObjects/TypeVariableImpl
Event: 15.456 loading class sun/reflect/generics/reflectiveObjects/LazyReflectiveObjectGenerator
Event: 15.457 loading class sun/reflect/generics/reflectiveObjects/LazyReflectiveObjectGenerator done
Event: 15.457 loading class sun/reflect/generics/reflectiveObjects/TypeVariableImpl done
Event: 15.458 loading class sun/reflect/generics/reflectiveObjects/ParameterizedTypeImpl
Event: 15.458 loading class sun/reflect/generics/reflectiveObjects/ParameterizedTypeImpl done


Dynamic libraries:
0x00007ff78a9b0000 - 0x00007ff78a9c0000 	C:\Program Files\Java\jdk-17\bin\java.exe
0x00007ff8d0d20000 - 0x00007ff8d0f87000 	C:\WINDOWS\SYSTEM32\ntdll.dll
0x00007ff8cf8f0000 - 0x00007ff8cf9b9000 	C:\WINDOWS\System32\KERNEL32.DLL
0x00007ff8ce320000 - 0x00007ff8ce70f000 	C:\WINDOWS\System32\KERNELBASE.dll
0x00007ff8cde70000 - 0x00007ff8cdfbb000 	C:\WINDOWS\System32\ucrtbase.dll
0x00007ff89ddc0000 - 0x00007ff89dddb000 	C:\Program Files\Java\jdk-17\bin\VCRUNTIME140.dll
0x00007ff8a0490000 - 0x00007ff8a04a9000 	C:\Program Files\Java\jdk-17\bin\jli.dll
0x00007ff8ced70000 - 0x00007ff8cee24000 	C:\WINDOWS\System32\ADVAPI32.dll
0x00007ff8d0b30000 - 0x00007ff8d0bd9000 	C:\WINDOWS\System32\msvcrt.dll
0x00007ff8d0980000 - 0x00007ff8d0a26000 	C:\WINDOWS\System32\sechost.dll
0x00007ff8d0860000 - 0x00007ff8d0978000 	C:\WINDOWS\System32\RPCRT4.dll
0x00007ff8cf3c0000 - 0x00007ff8cf585000 	C:\WINDOWS\System32\USER32.dll
0x00007ff8ce7e0000 - 0x00007ff8ce807000 	C:\WINDOWS\System32\win32u.dll
0x00007ff8ceba0000 - 0x00007ff8cebcb000 	C:\WINDOWS\System32\GDI32.dll
0x00007ff8cdfc0000 - 0x00007ff8ce0ec000 	C:\WINDOWS\System32\gdi32full.dll
0x00007ff8af670000 - 0x00007ff8af903000 	C:\WINDOWS\WinSxS\amd64_microsoft.windows.common-controls_6595b64144ccf1df_6.0.26100.7309_none_3e05feeae336a044\COMCTL32.dll
0x00007ff8ce0f0000 - 0x00007ff8ce193000 	C:\WINDOWS\System32\msvcp_win.dll
0x00007ff8b6050000 - 0x00007ff8b605b000 	C:\WINDOWS\SYSTEM32\VERSION.dll
0x00007ff8cf1c0000 - 0x00007ff8cf1f1000 	C:\WINDOWS\System32\IMM32.DLL
0x00007ff8b70c0000 - 0x00007ff8b70cc000 	C:\Program Files\Java\jdk-17\bin\vcruntime140_1.dll
0x00007ff88bd50000 - 0x00007ff88bdde000 	C:\Program Files\Java\jdk-17\bin\msvcp140.dll
0x00007ff814e40000 - 0x00007ff815a20000 	C:\Program Files\Java\jdk-17\bin\server\jvm.dll
0x00007ff8cf8e0000 - 0x00007ff8cf8e8000 	C:\WINDOWS\System32\PSAPI.DLL
0x00007ff8c32a0000 - 0x00007ff8c32d5000 	C:\WINDOWS\SYSTEM32\WINMM.dll
0x00007ff8a6880000 - 0x00007ff8a688a000 	C:\WINDOWS\SYSTEM32\WSOCK32.dll
0x00007ff8d0be0000 - 0x00007ff8d0c54000 	C:\WINDOWS\System32\WS2_32.dll
0x00007ff8ccc20000 - 0x00007ff8ccc3b000 	C:\WINDOWS\SYSTEM32\kernel.appcore.dll
0x00007ff8aa140000 - 0x00007ff8aa14a000 	C:\Program Files\Java\jdk-17\bin\jimage.dll
0x00007ff8cb4c0000 - 0x00007ff8cb702000 	C:\WINDOWS\SYSTEM32\DBGHELP.DLL
0x00007ff8cee30000 - 0x00007ff8cf1b5000 	C:\WINDOWS\System32\combase.dll
0x00007ff8cfaf0000 - 0x00007ff8cfbc6000 	C:\WINDOWS\System32\OLEAUT32.dll
0x00007ff8b80c0000 - 0x00007ff8b80fc000 	C:\WINDOWS\SYSTEM32\dbgcore.DLL
0x00007ff8cea10000 - 0x00007ff8ceab5000 	C:\WINDOWS\System32\bcryptPrimitives.dll
0x00007ff88ca60000 - 0x00007ff88ca85000 	C:\Program Files\Java\jdk-17\bin\java.dll
0x00007ff85b510000 - 0x00007ff85b5e7000 	C:\Program Files\Java\jdk-17\bin\jsvml.dll
0x00007ff8cfc70000 - 0x00007ff8d03c3000 	C:\WINDOWS\System32\SHELL32.dll
0x00007ff8ce810000 - 0x00007ff8ce97a000 	C:\WINDOWS\System32\wintypes.dll
0x00007ff8cba40000 - 0x00007ff8cc29e000 	C:\WINDOWS\SYSTEM32\windows.storage.dll
0x00007ff8d0a30000 - 0x00007ff8d0b25000 	C:\WINDOWS\System32\SHCORE.dll
0x00007ff8cf260000 - 0x00007ff8cf2c6000 	C:\WINDOWS\System32\shlwapi.dll
0x00007ff8cdd90000 - 0x00007ff8cddb9000 	C:\WINDOWS\SYSTEM32\profapi.dll
0x00007ff89da40000 - 0x00007ff89da59000 	C:\Program Files\Java\jdk-17\bin\net.dll
0x00007ff8c1570000 - 0x00007ff8c1698000 	C:\WINDOWS\SYSTEM32\WINHTTP.dll
0x00007ff8cd190000 - 0x00007ff8cd1fb000 	C:\WINDOWS\system32\mswsock.dll
0x00007ff88c770000 - 0x00007ff88c786000 	C:\Program Files\Java\jdk-17\bin\nio.dll
0x00007ff88bf50000 - 0x00007ff88bf68000 	C:\Program Files\Java\jdk-17\bin\zip.dll
0x00007ff88bd20000 - 0x00007ff88bd44000 	C:\Users\harsh\.m2\wrapper\dists\apache-maven-3.9.12\59fe215c0ad6947fea90184bf7add084544567b927287592651fda3782e0e798\lib\jansi-native\Windows\x86_64\jansi.dll
0x00007ff899ae0000 - 0x00007ff899af0000 	C:\Program Files\Java\jdk-17\bin\verify.dll

dbghelp: loaded successfully - version: 4.0.5 - missing functions: none
symbol engine: initialized successfully - sym options: 0x614 - pdb path: .;C:\Program Files\Java\jdk-17\bin;C:\WINDOWS\SYSTEM32;C:\WINDOWS\WinSxS\amd64_microsoft.windows.common-controls_6595b64144ccf1df_6.0.26100.7309_none_3e05feeae336a044;C:\Program Files\Java\jdk-17\bin\server;C:\Users\harsh\.m2\wrapper\dists\apache-maven-3.9.12\59fe215c0ad6947fea90184bf7add084544567b927287592651fda3782e0e798\lib\jansi-native\Windows\x86_64

VM Arguments:
jvm_args: --enable-native-access=ALL-UNNAMED -Dclassworlds.conf=C:\Users\harsh\.m2\wrapper\dists\apache-maven-3.9.12\59fe215c0ad6947fea90184bf7add084544567b927287592651fda3782e0e798\bin\m2.conf -Dmaven.home=C:\Users\harsh\.m2\wrapper\dists\apache-maven-3.9.12\59fe215c0ad6947fea90184bf7add084544567b927287592651fda3782e0e798 -Dlibrary.jansi.path=C:\Users\harsh\.m2\wrapper\dists\apache-maven-3.9.12\59fe215c0ad6947fea90184bf7add084544567b927287592651fda3782e0e798\lib\jansi-native -Dmaven.multiModuleProjectDirectory=C:\Users\harsh\Desktop\mary 
java_command: org.codehaus.plexus.classworlds.launcher.Launcher spring-boot:run
java_class_path (initial): C:\Users\harsh\.m2\wrapper\dists\apache-maven-3.9.12\59fe215c0ad6947fea90184bf7add084544567b927287592651fda3782e0e798\boot\plexus-classworlds-2.9.0.jar
Launcher Type: SUN_STANDARD

[Global flags]
     intx CICompilerCount                          = 4                                         {product} {ergonomic}
     uint ConcGCThreads                            = 3                                         {product} {ergonomic}
     uint G1ConcRefinementThreads                  = 10                                        {product} {ergonomic}
   size_t G1HeapRegionSize                         = 2097152                                   {product} {ergonomic}
    uintx GCDrainStackTargetSize                   = 64                                        {product} {ergonomic}
   size_t InitialHeapSize                          = 264241152                                 {product} {ergonomic}
   size_t MarkStackSize                            = 4194304                                   {product} {ergonomic}
   size_t MaxHeapSize                              = 4213178368                                {product} {ergonomic}
   size_t MaxNewSize                               = 2527068160                                {product} {ergonomic}
   size_t MinHeapDeltaBytes                        = 2097152                                   {product} {ergonomic}
   size_t MinHeapSize                              = 8388608                                   {product} {ergonomic}
    uintx NonNMethodCodeHeapSize                   = 5839372                                {pd product} {ergonomic}
    uintx NonProfiledCodeHeapSize                  = 122909434                              {pd product} {ergonomic}
    uintx ProfiledCodeHeapSize                     = 122909434                              {pd product} {ergonomic}
    uintx ReservedCodeCacheSize                    = 251658240                              {pd product} {ergonomic}
     bool SegmentedCodeCache                       = true                                      {product} {ergonomic}
   size_t SoftMaxHeapSize                          = 4213178368                             {manageable} {ergonomic}
     bool UseCompressedClassPointers               = true                           {product lp64_product} {ergonomic}
     bool UseCompressedOops                        = true                           {product lp64_product} {ergonomic}
     bool UseG1GC                                  = true                                      {product} {ergonomic}
     bool UseLargePagesIndividualAllocation        = false                                  {pd product} {ergonomic}

Logging:
Log output configuration:
 #0: stdout all=warning uptime,level,tags
 #1: stderr all=off uptime,level,tags

Environment Variables:
PATH=C:\Program Files\Common Files\Oracle\Java\javapath;C:\WINDOWS\system32;C:\WINDOWS;C:\WINDOWS\System32\Wbem;C:\WINDOWS\System32\WindowsPowerShell\v1.0\;C:\WINDOWS\System32\OpenSSH\;C:\Program Files\dotnet\;C:\Program Files\Go\bin;C:\Program Files\Docker\Docker\resources\bin;C:\Program Files\Microsoft SQL Server\150\Tools\Binn\;C:\Program Files\Microsoft SQL Server\Client SDK\ODBC\170\Tools\Binn\;C:\Program Files (x86)\Windows Kits\10\Windows Performance Toolkit\;C:\Program Files\Java;C:\Program Files\spring-3.4.4\bin;C:\Program Files\maven\maven\bin;C:\Program Files\nodejs\;C:\Users\harsh\Desktop\cmd;C:\Program Files\cursor\resources\app\bin;C:\Program Files\Common Files\Oracle\Java\javapath;C:\WINDOWS\system32;C:\WINDOWS;C:\WINDOWS\System32\Wbem;C:\WINDOWS\System32\WindowsPowerShell\v1.0\;C:\WINDOWS\System32\OpenSSH\;C:\Program Files\dotnet\;C:\Program Files\Go\bin;C:\Program Files\Docker\Docker\resources\bin;C:\Program Files\Microsoft SQL Server\150\Tools\Binn\;C:\Program Files\Microsoft SQL Server\Client SDK\ODBC\170\Tools\Binn\;C:\Program Files (x86)\Windows Kits\10\Windows Performance Toolkit\;C:\Program Files\Java;C:\Program Files\spring-3.4.4\bin;C:\Program Files\maven\maven\bin;C:\Program Files\nodejs\;C:\Users\harsh\Desktop\cmd;C:\Program Files\cursor\resources\app\bin;C:\Users\harsh\maven\bin;C:\Users\harsh\maven\apache-maven-3.9.11\bin;C:\Users\harsh\AppData\Local\Programs\Microsoft VS Code\bin;c:\Users\harsh\.vscode\extensions\vscjava.vscode-java-debug-0.58.4\bundled\scripts\noConfigScripts
USERNAME=harsh
LANG=en_US.UTF-8
OS=Windows_NT
PROCESSOR_IDENTIFIER=Intel64 Family 6 Model 186 Stepping 3, GenuineIntel



---------------  S Y S T E M  ---------------

OS:
 Windows 11 , 64 bit Build 26100 (10.0.26100.7309)
OS uptime: 25 days 15:45 hours
Hyper-V role detected

CPU: total 12 (initial active 12) (6 cores per cpu, 2 threads per core) family 6 model 186 stepping 3 microcode 0x4128, cx8, cmov, fxsr, ht, mmx, 3dnowpref, sse, sse2, sse3, ssse3, sse4.1, sse4.2, popcnt, lzcnt, tsc, tscinvbit, avx, avx2, aes, erms, clmul, bmi1, bmi2, adx, sha, fma, vzeroupper, clflush, clflushopt, clwb, hv

Memory: 4k page, system-wide physical 16068M (1694M free)
TotalPageFile size 65220M (AvailPageFile size 1M)
current process WorkingSet (physical memory assigned to process): 79M, peak: 85M
current process commit charge ("private bytes"): 357M, peak: 363M

vm_info: Java HotSpot(TM) 64-Bit Server VM (17.0.12+8-LTS-286) for windows-amd64 JRE (17.0.12+8-LTS-286), built on Jun  5 2024 06:46:59 by "mach5one" with MS VC++ 17.6 (VS2022)

END.
