#
# There is insufficient memory for the Java Runtime Environment to continue.
# Native memory allocation (mmap) failed to map 264241152 bytes for G1 virtual space
# Possible reasons:
#   The system is out of physical RAM or swap space
#   The process is running with CompressedOops enabled, and the Java Heap may be blocking the growth of the native heap
# Possible solutions:
#   Reduce memory load on the system
#   Increase physical memory or swap space
#   Check if swap backing store is full
#   Decrease Java heap size (-Xmx/-Xms)
#   Decrease number of Java threads
#   Decrease Java thread stack sizes (-Xss)
#   Set larger code cache with -XX:ReservedCodeCacheSize=
#   JVM is running with Zero Based Compressed Oops mode in which the Java heap is
#     placed in the first 32GB address space. The Java Heap base address is the
#     maximum limit for the native heap growth. Please use -XX:HeapBaseMinAddress
#     to set the Java Heap base and to place the Java Heap above 32GB virtual address.
# This output file may be truncated or incomplete.
#
#  Out of Memory Error (os_windows.cpp:3548), pid=15384, tid=2400
#
# JRE version:  (17.0.12+8) (build )
# Java VM: Java HotSpot(TM) 64-Bit Server VM (17.0.12+8-LTS-286, mixed mode, emulated-client, sharing, tiered, compressed oops, compressed class ptrs, g1 gc, windows-amd64)
# No core dump will be written. Minidumps are not enabled by default on client versions of Windows
#

---------------  S U M M A R Y ------------

Command Line: -XX:TieredStopAtLevel=1 com.example.mary.MaryApplication

Host: Intel(R) Core(TM) 7 150U, 12 cores, 15G,  Windows 11 , 64 bit Build 26100 (10.0.26100.7309)
Time: Tue Jan  6 13:05:04 2026 Central Standard Time elapsed time: 1.442395 seconds (0d 0h 0m 1s)

---------------  T H R E A D  ---------------

Current thread (0x0000020daf233a60):  JavaThread "Unknown thread" [_thread_in_vm, id=2400, stack(0x00000062eab00000,0x00000062eac00000)]

Stack: [0x00000062eab00000,0x00000062eac00000]
Native frames: (J=compiled Java code, j=interpreted, Vv=VM code, C=native code)
V  [jvm.dll+0x67a04a]
V  [jvm.dll+0x7da4ed]
V  [jvm.dll+0x7dbe33]
V  [jvm.dll+0x7dc4a3]
V  [jvm.dll+0x24508f]
V  [jvm.dll+0x677089]
V  [jvm.dll+0x66bd32]
V  [jvm.dll+0x301fa6]
V  [jvm.dll+0x309546]
V  [jvm.dll+0x359d2e]
V  [jvm.dll+0x359f5f]
V  [jvm.dll+0x2d9078]
V  [jvm.dll+0x2d9fe4]
V  [jvm.dll+0x7aca21]
V  [jvm.dll+0x367591]
V  [jvm.dll+0x78b999]
V  [jvm.dll+0x3ec83f]
V  [jvm.dll+0x3ee471]
C  [jli.dll+0x5297]
C  [ucrtbase.dll+0x37b0]
C  [KERNEL32.DLL+0x2e8d7]
C  [ntdll.dll+0x8c53c]


---------------  P R O C E S S  ---------------

Threads class SMR info:
_java_thread_list=0x00007ff813027a18, length=0, elements={
}

Java Threads: ( => current thread )

Other Threads:
  0x0000020daf2aa500 GCTaskThread "GC Thread#0" [stack: 0x00000062eac00000,0x00000062ead00000] [id=19096]
  0x0000020daf2bbf70 ConcurrentGCThread "G1 Main Marker" [stack: 0x00000062ead00000,0x00000062eae00000] [id=29232]
  0x0000020daf2bd650 ConcurrentGCThread "G1 Conc#0" [stack: 0x00000062eae00000,0x00000062eaf00000] [id=31592]

[error occurred during error reporting (printing all threads), id 0xc0000005, EXCEPTION_ACCESS_VIOLATION (0xc0000005) at pc=0x00007ff812859b67]

VM state: not at safepoint (not fully initialized)

VM Mutex/Monitor currently owned by a thread:  ([mutex/lock_event])
[0x0000020daf231dd0] Heap_lock - owner thread: 0x0000020daf233a60

Heap address: 0x0000000704e00000, size: 4018 MB, Compressed Oops mode: Zero based, Oop shift amount: 3

CDS archive(s) mapped at: [0x0000000000000000-0x0000000000000000-0x0000000000000000), size 0, SharedBaseAddress: 0x0000000800000000, ArchiveRelocationMode: 1.
Narrow klass base: 0x0000000000000000, Narrow klass shift: 0, Narrow klass range: 0x0

GC Precious Log:
<Empty>

Heap:
 garbage-first heap   total 0K, used 0K [0x0000000704e00000, 0x0000000800000000)
  region size 2048K, 0 young (0K), 0 survivors (0K)

[error occurred during error reporting (printing heap information), id 0xc0000005, EXCEPTION_ACCESS_VIOLATION (0xc0000005) at pc=0x00007ff812c43859]

GC Heap History (0 events):
No events

Deoptimization events (0 events):
No events

Classes unloaded (0 events):
No events

Classes redefined (0 events):
No events

Internal exceptions (0 events):
No events

VM Operations (0 events):
No events

Events (1 events):
Event: 0.019 Loaded shared library C:\Program Files\Java\jdk-17\bin\java.dll


Dynamic libraries:
0x00007ff78a9b0000 - 0x00007ff78a9c0000 	C:\Program Files\Java\jdk-17\bin\java.exe
0x00007ff8d0d20000 - 0x00007ff8d0f87000 	C:\WINDOWS\SYSTEM32\ntdll.dll
0x00007ff8cf8f0000 - 0x00007ff8cf9b9000 	C:\WINDOWS\System32\KERNEL32.DLL
0x00007ff8ce320000 - 0x00007ff8ce70f000 	C:\WINDOWS\System32\KERNELBASE.dll
0x00007ff8cde70000 - 0x00007ff8cdfbb000 	C:\WINDOWS\System32\ucrtbase.dll
0x00007ff89ddc0000 - 0x00007ff89dddb000 	C:\Program Files\Java\jdk-17\bin\VCRUNTIME140.dll
0x00007ff8a0490000 - 0x00007ff8a04a9000 	C:\Program Files\Java\jdk-17\bin\jli.dll
0x00007ff8ced70000 - 0x00007ff8cee24000 	C:\WINDOWS\System32\ADVAPI32.dll
0x00007ff8d0b30000 - 0x00007ff8d0bd9000 	C:\WINDOWS\System32\msvcrt.dll
0x00007ff8d0980000 - 0x00007ff8d0a26000 	C:\WINDOWS\System32\sechost.dll
0x00007ff8d0860000 - 0x00007ff8d0978000 	C:\WINDOWS\System32\RPCRT4.dll
0x00007ff8cf3c0000 - 0x00007ff8cf585000 	C:\WINDOWS\System32\USER32.dll
0x00007ff8af670000 - 0x00007ff8af903000 	C:\WINDOWS\WinSxS\amd64_microsoft.windows.common-controls_6595b64144ccf1df_6.0.26100.7309_none_3e05feeae336a044\COMCTL32.dll
0x00007ff8ce7e0000 - 0x00007ff8ce807000 	C:\WINDOWS\System32\win32u.dll
0x00007ff8ceba0000 - 0x00007ff8cebcb000 	C:\WINDOWS\System32\GDI32.dll
0x00007ff8cdfc0000 - 0x00007ff8ce0ec000 	C:\WINDOWS\System32\gdi32full.dll
0x00007ff8ce0f0000 - 0x00007ff8ce193000 	C:\WINDOWS\System32\msvcp_win.dll
0x00007ff8b6050000 - 0x00007ff8b605b000 	C:\WINDOWS\SYSTEM32\VERSION.dll
0x00007ff8cf1c0000 - 0x00007ff8cf1f1000 	C:\WINDOWS\System32\IMM32.DLL
0x00007ff8b70c0000 - 0x00007ff8b70cc000 	C:\Program Files\Java\jdk-17\bin\vcruntime140_1.dll
0x00007ff862830000 - 0x00007ff8628be000 	C:\Program Files\Java\jdk-17\bin\msvcp140.dll
0x00007ff812570000 - 0x00007ff813150000 	C:\Program Files\Java\jdk-17\bin\server\jvm.dll
0x00007ff8cf8e0000 - 0x00007ff8cf8e8000 	C:\WINDOWS\System32\PSAPI.DLL
0x00007ff8c32a0000 - 0x00007ff8c32d5000 	C:\WINDOWS\SYSTEM32\WINMM.dll
0x00007ff8a6880000 - 0x00007ff8a688a000 	C:\WINDOWS\SYSTEM32\WSOCK32.dll
0x00007ff8d0be0000 - 0x00007ff8d0c54000 	C:\WINDOWS\System32\WS2_32.dll
0x00007ff8ccc20000 - 0x00007ff8ccc3b000 	C:\WINDOWS\SYSTEM32\kernel.appcore.dll
0x00007ff8aa140000 - 0x00007ff8aa14a000 	C:\Program Files\Java\jdk-17\bin\jimage.dll
0x00007ff8cb4c0000 - 0x00007ff8cb702000 	C:\WINDOWS\SYSTEM32\DBGHELP.DLL
0x00007ff8cee30000 - 0x00007ff8cf1b5000 	C:\WINDOWS\System32\combase.dll
0x00007ff8cfaf0000 - 0x00007ff8cfbc6000 	C:\WINDOWS\System32\OLEAUT32.dll
0x00007ff8b80c0000 - 0x00007ff8b80fc000 	C:\WINDOWS\SYSTEM32\dbgcore.DLL
0x00007ff8cea10000 - 0x00007ff8ceab5000 	C:\WINDOWS\System32\bcryptPrimitives.dll
0x00007ff88ca60000 - 0x00007ff88ca85000 	C:\Program Files\Java\jdk-17\bin\java.dll

dbghelp: loaded successfully - version: 4.0.5 - missing functions: none
symbol engine: initialized successfully - sym options: 0x614 - pdb path: .;C:\Program Files\Java\jdk-17\bin;C:\WINDOWS\SYSTEM32;C:\WINDOWS\WinSxS\amd64_microsoft.windows.common-controls_6595b64144ccf1df_6.0.26100.7309_none_3e05feeae336a044;C:\Program Files\Java\jdk-17\bin\server

VM Arguments:
jvm_args: -XX:TieredStopAtLevel=1 
java_command: com.example.mary.MaryApplication
java_class_path (initial): C:\Users\harsh\Desktop\mary\target\classes;C:\Users\harsh\.m2\repository\org\springframework\boot\spring-boot\3.5.9\spring-boot-3.5.9.jar;C:\Users\harsh\.m2\repository\org\springframework\boot\spring-boot-autoconfigure\3.5.9\spring-boot-autoconfigure-3.5.9.jar;C:\Users\harsh\.m2\repository\ch\qos\logback\logback-classic\1.5.22\logback-classic-1.5.22.jar;C:\Users\harsh\.m2\repository\ch\qos\logback\logback-core\1.5.22\logback-core-1.5.22.jar;C:\Users\harsh\.m2\repository\org\apache\logging\log4j\log4j-to-slf4j\2.24.3\log4j-to-slf4j-2.24.3.jar;C:\Users\harsh\.m2\repository\org\apache\logging\log4j\log4j-api\2.24.3\log4j-api-2.24.3.jar;C:\Users\harsh\.m2\repository\org\slf4j\jul-to-slf4j\2.0.17\jul-to-slf4j-2.0.17.jar;C:\Users\harsh\.m2\repository\jakarta\annotation\jakarta.annotation-api\2.1.1\jakarta.annotation-api-2.1.1.jar;C:\Users\harsh\.m2\repository\org\yaml\snakeyaml\2.4\snakeyaml-2.4.jar;C:\Users\harsh\.m2\repository\com\zaxxer\HikariCP\6.3.3\HikariCP-6.3.3.jar;C:\Users\harsh\.m2\repository\org\springframework\spring-jdbc\6.2.15\spring-jdbc-6.2.15.jar;C:\Users\harsh\.m2\repository\org\hibernate\orm\hibernate-core\6.6.39.Final\hibernate-core-6.6.39.Final.jar;C:\Users\harsh\.m2\repository\jakarta\persistence\jakarta.persistence-api\3.1.0\jakarta.persistence-api-3.1.0.jar;C:\Users\harsh\.m2\repository\jakarta\transaction\jakarta.transaction-api\2.0.1\jakarta.transaction-api-2.0.1.jar;C:\Users\harsh\.m2\repository\org\jboss\logging\jboss-logging\3.6.1.Final\jboss-logging-3.6.1.Final.jar;C:\Users\harsh\.m2\repository\org\hibernate\common\hibernate-commons-annotations\7.0.3.Final\hibernate-commons-annotations-7.0.3.Final.jar;C:\Users\harsh\.m2\repository\io\smallrye\jandex\3.2.0\jandex-3.2.0.jar;C:\Users\harsh\.m2\repository\com\fasterxml\classmate\1.7.1\classmate-1.7.1.jar;C:\Users\harsh\.m2\repository\net\bytebuddy\byte-buddy\1.17.8\byte-buddy-1.17.8.jar;C:\Users\harsh\.m2\repository\org\glassfish\jaxb\jaxb-runtime\4.0.6\jaxb-runtime-4
Launcher Type: SUN_STANDARD

[Global flags]
     intx CICompilerCount                          = 4                                         {product} {ergonomic}
     uint ConcGCThreads                            = 3                                         {product} {ergonomic}
     uint G1ConcRefinementThreads                  = 10                                        {product} {ergonomic}
   size_t G1HeapRegionSize                         = 2097152                                   {product} {ergonomic}
    uintx GCDrainStackTargetSize                   = 64                                        {product} {ergonomic}
   size_t InitialHeapSize                          = 264241152                                 {product} {ergonomic}
   size_t MarkStackSize                            = 4194304                                   {product} {ergonomic}
   size_t MaxHeapSize                              = 4213178368                                {product} {ergonomic}
   size_t MinHeapDeltaBytes                        = 2097152                                   {product} {ergonomic}
   size_t MinHeapSize                              = 8388608                                   {product} {ergonomic}
    uintx NonProfiledCodeHeapSize                  = 0                                      {pd product} {ergonomic}
     bool ProfileInterpreter                       = false                                  {pd product} {command line}
    uintx ProfiledCodeHeapSize                     = 0                                      {pd product} {ergonomic}
   size_t SoftMaxHeapSize                          = 4213178368                             {manageable} {ergonomic}
     intx TieredStopAtLevel                        = 1                                         {product} {command line}
     bool UseCompressedClassPointers               = true                           {product lp64_product} {ergonomic}
     bool UseCompressedOops                        = true                           {product lp64_product} {ergonomic}
     bool UseG1GC                                  = true                                      {product} {ergonomic}
     bool UseLargePagesIndividualAllocation        = false                                  {pd product} {ergonomic}

Logging:
Log output configuration:
 #0: stdout all=warning uptime,level,tags
 #1: stderr all=off uptime,level,tags

Environment Variables:
PATH=C:\Program Files\Common Files\Oracle\Java\javapath;C:\WINDOWS\system32;C:\WINDOWS;C:\WINDOWS\System32\Wbem;C:\WINDOWS\System32\WindowsPowerShell\v1.0\;C:\WINDOWS\System32\OpenSSH\;C:\Program Files\dotnet\;C:\Program Files\Go\bin;C:\Program Files\Docker\Docker\resources\bin;C:\Program Files\Microsoft SQL Server\150\Tools\Binn\;C:\Program Files\Microsoft SQL Server\Client SDK\ODBC\170\Tools\Binn\;C:\Program Files (x86)\Windows Kits\10\Windows Performance Toolkit\;C:\Program Files\Java;C:\Program Files\spring-3.4.4\bin;C:\Program Files\maven\maven\bin;C:\Program Files\nodejs\;C:\Users\harsh\Desktop\cmd;C:\Program Files\cursor\resources\app\bin;C:\Program Files\Common Files\Oracle\Java\javapath;C:\WINDOWS\system32;C:\WINDOWS;C:\WINDOWS\System32\Wbem;C:\WINDOWS\System32\WindowsPowerShell\v1.0\;C:\WINDOWS\System32\OpenSSH\;C:\Program Files\dotnet\;C:\Program Files\Go\bin;C:\Program Files\Docker\Docker\resources\bin;C:\Program Files\Microsoft SQL Server\150\Tools\Binn\;C:\Program Files\Microsoft SQL Server\Client SDK\ODBC\170\Tools\Binn\;C:\Program Files (x86)\Windows Kits\10\Windows Performance Toolkit\;C:\Program Files\Java;C:\Program Files\spring-3.4.4\bin;C:\Program Files\maven\maven\bin;C:\Program Files\nodejs\;C:\Users\harsh\Desktop\cmd;C:\Program Files\cursor\resources\app\bin;C:\Users\harsh\maven\bin;C:\Users\harsh\maven\apache-maven-3.9.11\bin;C:\Users\harsh\AppData\Local\Programs\Microsoft VS Code\bin;c:\Users\harsh\.vscode\extensions\vscjava.vscode-java-debug-0.58.4\bundled\scripts\noConfigScripts
USERNAME=harsh
LANG=en_US.UTF-8
OS=Windows_NT
PROCESSOR_IDENTIFIER=Intel64 Family 6 Model 186 Stepping 3, GenuineIntel



---------------  S Y S T E M  ---------------

OS:
 Windows 11 , 64 bit Build 26100 (10.0.26100.7309)
OS uptime: 25 days 15:35 hours
Hyper-V role detected

CPU: total 12 (initial active 12) (6 cores per cpu, 2 threads per core) family 6 model 186 stepping 3 microcode 0x4128, cx8, cmov, fxsr, ht, mmx, 3dnowpref, sse, sse2, sse3, ssse3, sse4.1, sse4.2, popcnt, lzcnt, tsc, tscinvbit, avx, avx2, aes, erms, clmul, bmi1, bmi2, adx, sha, fma, vzeroupper, clflush, clflushopt, clwb, hv

Memory: 4k page, system-wide physical 16068M (1541M free)
TotalPageFile size 65220M (AvailPageFile size 4M)
current process WorkingSet (physical memory assigned to process): 12M, peak: 12M
current process commit charge ("private bytes"): 59M, peak: 311M

vm_info: Java HotSpot(TM) 64-Bit Server VM (17.0.12+8-LTS-286) for windows-amd64 JRE (17.0.12+8-LTS-286), built on Jun  5 2024 06:46:59 by "mach5one" with MS VC++ 17.6 (VS2022)

END.
