#
# There is insufficient memory for the Java Runtime Environment to continue.
# Native memory allocation (malloc) failed to allocate 1623264 bytes. Error detail: Chunk::new
# Possible reasons:
#   The system is out of physical RAM or swap space
#   This process is running with CompressedOops enabled, and the Java Heap may be blocking the growth of the native heap
# Possible solutions:
#   Reduce memory load on the system
#   Increase physical memory or swap space
#   Check if swap backing store is full
#   Decrease Java heap size (-Xmx/-Xms)
#   Decrease number of Java threads
#   Decrease Java thread stack sizes (-Xss)
#   Set larger code cache with -XX:ReservedCodeCacheSize=
#   JVM is running with Unscaled Compressed Oops mode in which the Java heap is
#     placed in the first 4GB address space. The Java Heap base address is the
#     maximum limit for the native heap growth. Please use -XX:HeapBaseMinAddress
#     to set the Java Heap base and to place the Java Heap above 4GB virtual address.
# This output file may be truncated or incomplete.
#
#  Out of Memory Error (arena.cpp:168), pid=44308, tid=42796
#
# JRE version: OpenJDK Runtime Environment Temurin-21.0.9+10 (21.0.9+10) (build 21.0.9+10-LTS)
# Java VM: OpenJDK 64-Bit Server VM Temurin-21.0.9+10 (21.0.9+10-LTS, mixed mode, sharing, tiered, compressed oops, compressed class ptrs, parallel gc, windows-amd64)
# No core dump will be written. Minidumps are not enabled by default on client versions of Windows
#

---------------  S U M M A R Y ------------

Command Line: --add-modules=ALL-SYSTEM --add-opens=java.base/java.util=ALL-UNNAMED --add-opens=java.base/java.lang=ALL-UNNAMED --add-opens=java.base/sun.nio.fs=ALL-UNNAMED -Declipse.application=org.eclipse.jdt.ls.core.id1 -Dosgi.bundles.defaultStartLevel=4 -Declipse.product=org.eclipse.jdt.ls.core.product -Djava.import.generatesMetadataFilesAtProjectRoot=false -DDetectVMInstallationsJob.disabled=true -Dfile.encoding=utf8 -XX:+UseParallelGC -XX:GCTimeRatio=4 -XX:AdaptiveSizePolicyWeight=90 -Dsun.zip.disableMemoryMapping=true -Xmx2G -Xms100m -Xlog:disable -javaagent:c:\Users\harsh\.vscode\extensions\redhat.java-1.50.0-win32-x64\lombok\lombok-1.18.39-4050.jar -XX:+HeapDumpOnOutOfMemoryError -XX:HeapDumpPath=c:\Users\harsh\AppData\Roaming\Code\User\workspaceStorage\4f0fbcff6b9a37bff0b4ce35f72cabfb\redhat.java -Daether.dependencyCollector.impl=bf c:\Users\harsh\.vscode\extensions\redhat.java-1.50.0-win32-x64\server\plugins\org.eclipse.equinox.launcher_1.7.100.v20251111-0406.jar -configuration c:\Users\harsh\AppData\Roaming\Code\User\globalStorage\redhat.java\1.50.0\config_win -data c:\Users\harsh\AppData\Roaming\Code\User\workspaceStorage\4f0fbcff6b9a37bff0b4ce35f72cabfb\redhat.java\jdt_ws --pipe=\\.\pipe\lsp-c441ff3d25ebeaad97195bea82a01389-sock

Host: Intel(R) Core(TM) 7 150U, 12 cores, 15G,  Windows 11 , 64 bit Build 26100 (10.0.26100.7309)
Time: Mon Jan  5 14:31:36 2026 Central Standard Time elapsed time: 206.001320 seconds (0d 0h 3m 26s)

---------------  T H R E A D  ---------------

Current thread (0x000001c6941bf910):  JavaThread "C2 CompilerThread2" daemon [_thread_in_native, id=42796, stack(0x00000027f7b00000,0x00000027f7c00000) (1024K)]


Current CompileTask:
C2:206001 14156       4       org.eclipse.jdt.internal.compiler.lookup.ModuleBinding::getOrCreateDeclaredPackage (136 bytes)

Stack: [0x00000027f7b00000,0x00000027f7c00000]
Native frames: (J=compiled Java code, j=interpreted, Vv=VM code, C=native code)
V  [jvm.dll+0x6d6e29]
V  [jvm.dll+0x8b4b76]
V  [jvm.dll+0x8b712e]
V  [jvm.dll+0x8b7813]
V  [jvm.dll+0x283d86]
V  [jvm.dll+0xc66ed]
V  [jvm.dll+0xc6c31]
V  [jvm.dll+0x3be53b]
V  [jvm.dll+0x38ab92]
V  [jvm.dll+0x389fda]
V  [jvm.dll+0x24bfa0]
V  [jvm.dll+0x24b580]
V  [jvm.dll+0x1cb13e]
V  [jvm.dll+0x25b29d]
V  [jvm.dll+0x25982a]
V  [jvm.dll+0x3f7ea6]
V  [jvm.dll+0x85e9ad]
V  [jvm.dll+0x6d565d]
C  [ucrtbase.dll+0x37b0]
C  [KERNEL32.DLL+0x2e8d7]
C  [ntdll.dll+0x8c53c]


---------------  P R O C E S S  ---------------

Threads class SMR info:
_java_thread_list=0x000001c692fc5cd0, length=61, elements={
0x000001c63220ee40, 0x000001c6321bcd00, 0x000001c6321bdc10, 0x000001c6322b5cc0,
0x000001c6322b8720, 0x000001c6322ba6d0, 0x000001c6322be690, 0x000001c68b032310,
0x000001c6322c8450, 0x000001c68b275b50, 0x000001c68b39bff0, 0x000001c6907051f0,
0x000001c69069deb0, 0x000001c69028ff00, 0x000001c69061e050, 0x000001c6909072d0,
0x000001c69021f6d0, 0x000001c68b30b170, 0x000001c68b30d8d0, 0x000001c68b30d240,
0x000001c68b30b800, 0x000001c68b30df60, 0x000001c68b30aae0, 0x000001c68b30c520,
0x000001c692fe6d00, 0x000001c692fe7a20, 0x000001c692fe5950, 0x000001c692fe5fe0,
0x000001c692fe4c30, 0x000001c692fe6670, 0x000001c692fe7390, 0x000001c692fe80b0,
0x000001c692fe8740, 0x000001c692fe52c0, 0x000001c692fea810, 0x000001c692feb530,
0x000001c692feaea0, 0x000001c692fe8dd0, 0x000001c692fea180, 0x000001c692fe9af0,
0x000001c692febbc0, 0x000001c69421f730, 0x000001c694221800, 0x000001c69421e380,
0x000001c694222bb0, 0x000001c694220ae0, 0x000001c6942238d0, 0x000001c694223f60,
0x000001c6942245f0, 0x000001c692fb5190, 0x000001c692fb5820, 0x000001c692fb5eb0,
0x000001c692fb7260, 0x000001c692fb4b00, 0x000001c692fb9330, 0x000001c692fb78f0,
0x000001c692fb99c0, 0x000001c692fb7f80, 0x000001c692fb6540, 0x000001c6941bd700,
0x000001c6941bf910
}

Java Threads: ( => current thread )
  0x000001c63220ee40 JavaThread "main"                              [_thread_blocked, id=21652, stack(0x00000027f5400000,0x00000027f5500000) (1024K)]
  0x000001c6321bcd00 JavaThread "Reference Handler"          daemon [_thread_blocked, id=29672, stack(0x00000027f5800000,0x00000027f5900000) (1024K)]
  0x000001c6321bdc10 JavaThread "Finalizer"                  daemon [_thread_blocked, id=45084, stack(0x00000027f5900000,0x00000027f5a00000) (1024K)]
  0x000001c6322b5cc0 JavaThread "Signal Dispatcher"          daemon [_thread_blocked, id=12980, stack(0x00000027f5a00000,0x00000027f5b00000) (1024K)]
  0x000001c6322b8720 JavaThread "Attach Listener"            daemon [_thread_blocked, id=16040, stack(0x00000027f5b00000,0x00000027f5c00000) (1024K)]
  0x000001c6322ba6d0 JavaThread "Service Thread"             daemon [_thread_blocked, id=15020, stack(0x00000027f5c00000,0x00000027f5d00000) (1024K)]
  0x000001c6322be690 JavaThread "Monitor Deflation Thread"   daemon [_thread_blocked, id=61400, stack(0x00000027f5d00000,0x00000027f5e00000) (1024K)]
  0x000001c68b032310 JavaThread "C2 CompilerThread0"         daemon [_thread_blocked, id=56840, stack(0x00000027f5e00000,0x00000027f5f00000) (1024K)]
  0x000001c6322c8450 JavaThread "C1 CompilerThread0"         daemon [_thread_blocked, id=62492, stack(0x00000027f5f00000,0x00000027f6000000) (1024K)]
  0x000001c68b275b50 JavaThread "Common-Cleaner"             daemon [_thread_blocked, id=2884, stack(0x00000027f6000000,0x00000027f6100000) (1024K)]
  0x000001c68b39bff0 JavaThread "Notification Thread"        daemon [_thread_blocked, id=52904, stack(0x00000027f6100000,0x00000027f6200000) (1024K)]
  0x000001c6907051f0 JavaThread "Active Thread: Equinox Container: 4d96fc84-17cb-4cc1-a9a2-549c44eb57ba"        [_thread_blocked, id=14128, stack(0x00000027f6200000,0x00000027f6300000) (1024K)]
  0x000001c69069deb0 JavaThread "Refresh Thread: Equinox Container: 4d96fc84-17cb-4cc1-a9a2-549c44eb57ba" daemon [_thread_blocked, id=57312, stack(0x00000027f6900000,0x00000027f6a00000) (1024K)]
  0x000001c69028ff00 JavaThread "Framework Event Dispatcher: Equinox Container: 4d96fc84-17cb-4cc1-a9a2-549c44eb57ba" daemon [_thread_blocked, id=17960, stack(0x00000027f6b00000,0x00000027f6c00000) (1024K)]
  0x000001c69061e050 JavaThread "Start Level: Equinox Container: 4d96fc84-17cb-4cc1-a9a2-549c44eb57ba" daemon [_thread_blocked, id=45232, stack(0x00000027f6c00000,0x00000027f6d00000) (1024K)]
  0x000001c6909072d0 JavaThread "Bundle File Closer"         daemon [_thread_blocked, id=44640, stack(0x00000027f6f00000,0x00000027f7000000) (1024K)]
  0x000001c69021f6d0 JavaThread "SCR Component Actor"        daemon [_thread_blocked, id=45360, stack(0x00000027f5200000,0x00000027f5300000) (1024K)]
  0x000001c68b30b170 JavaThread "Worker-JM"                         [_thread_blocked, id=50388, stack(0x00000027f7200000,0x00000027f7300000) (1024K)]
  0x000001c68b30d8d0 JavaThread "Worker-0"                          [_thread_blocked, id=43044, stack(0x00000027f7300000,0x00000027f7400000) (1024K)]
  0x000001c68b30d240 JavaThread "Worker-1"                          [_thread_blocked, id=44604, stack(0x00000027f7400000,0x00000027f7500000) (1024K)]
  0x000001c68b30b800 JavaThread "Java indexing"              daemon [_thread_blocked, id=36700, stack(0x00000027f7500000,0x00000027f7600000) (1024K)]
  0x000001c68b30df60 JavaThread "JNA Cleaner"                daemon [_thread_blocked, id=23956, stack(0x00000027f7600000,0x00000027f7700000) (1024K)]
  0x000001c68b30aae0 JavaThread "Worker-2"                          [_thread_blocked, id=11936, stack(0x00000027f7900000,0x00000027f7a00000) (1024K)]
  0x000001c68b30c520 JavaThread "Worker-3"                          [_thread_blocked, id=50124, stack(0x00000027f7a00000,0x00000027f7b00000) (1024K)]
  0x000001c692fe6d00 JavaThread "Worker-5"                          [_thread_blocked, id=508, stack(0x00000027f7c00000,0x00000027f7d00000) (1024K)]
  0x000001c692fe7a20 JavaThread "Thread-1"                   daemon [_thread_in_native, id=37340, stack(0x00000027f7d00000,0x00000027f7e00000) (1024K)]
  0x000001c692fe5950 JavaThread "Thread-2"                   daemon [_thread_in_native, id=35916, stack(0x00000027f7e00000,0x00000027f7f00000) (1024K)]
  0x000001c692fe5fe0 JavaThread "Thread-3"                   daemon [_thread_in_native, id=45924, stack(0x00000027f7f00000,0x00000027f8000000) (1024K)]
  0x000001c692fe4c30 JavaThread "Thread-4"                   daemon [_thread_in_native, id=59176, stack(0x00000027f8000000,0x00000027f8100000) (1024K)]
  0x000001c692fe6670 JavaThread "Thread-5"                   daemon [_thread_in_native, id=53692, stack(0x00000027f8100000,0x00000027f8200000) (1024K)]
  0x000001c692fe7390 JavaThread "Thread-6"                   daemon [_thread_in_native, id=45460, stack(0x00000027f8200000,0x00000027f8300000) (1024K)]
  0x000001c692fe80b0 JavaThread "Thread-7"                   daemon [_thread_in_native, id=63344, stack(0x00000027f8300000,0x00000027f8400000) (1024K)]
  0x000001c692fe8740 JavaThread "Thread-8"                   daemon [_thread_in_native, id=21620, stack(0x00000027f8400000,0x00000027f8500000) (1024K)]
  0x000001c692fe52c0 JavaThread "Thread-9"                   daemon [_thread_in_native, id=15544, stack(0x00000027f8500000,0x00000027f8600000) (1024K)]
  0x000001c692fea810 JavaThread "Thread-10"                  daemon [_thread_in_native, id=52576, stack(0x00000027f8600000,0x00000027f8700000) (1024K)]
  0x000001c692feb530 JavaThread "Thread-11"                  daemon [_thread_in_native, id=33068, stack(0x00000027f8700000,0x00000027f8800000) (1024K)]
  0x000001c692feaea0 JavaThread "Thread-12"                  daemon [_thread_in_native, id=14972, stack(0x00000027f8800000,0x00000027f8900000) (1024K)]
  0x000001c692fe8dd0 JavaThread "Thread-13"                  daemon [_thread_in_native, id=916, stack(0x00000027f8900000,0x00000027f8a00000) (1024K)]
  0x000001c692fea180 JavaThread "pool-2-thread-1"                   [_thread_blocked, id=37644, stack(0x00000027f8a00000,0x00000027f8b00000) (1024K)]
  0x000001c692fe9af0 JavaThread "WorkspaceEventsHandler"            [_thread_blocked, id=63100, stack(0x00000027f8b00000,0x00000027f8c00000) (1024K)]
  0x000001c692febbc0 JavaThread "pool-1-thread-1"                   [_thread_blocked, id=14668, stack(0x00000027f8c00000,0x00000027f8d00000) (1024K)]
  0x000001c69421f730 JavaThread "ForkJoinPool.commonPool-worker-1" daemon [_thread_blocked, id=50640, stack(0x00000027f9000000,0x00000027f9100000) (1024K)]
  0x000001c694221800 JavaThread "ForkJoinPool.commonPool-worker-2" daemon [_thread_blocked, id=17120, stack(0x00000027f9100000,0x00000027f9200000) (1024K)]
  0x000001c69421e380 JavaThread "ForkJoinPool.commonPool-worker-3" daemon [_thread_blocked, id=46072, stack(0x00000027f9200000,0x00000027f9300000) (1024K)]
  0x000001c694222bb0 JavaThread "ForkJoinPool.commonPool-worker-4" daemon [_thread_blocked, id=47028, stack(0x00000027f9300000,0x00000027f9400000) (1024K)]
  0x000001c694220ae0 JavaThread "Compiler Source File Reader" daemon [_thread_blocked, id=41092, stack(0x00000027f9500000,0x00000027f9600000) (1024K)]
  0x000001c6942238d0 JavaThread "Compiler Class File Writer" daemon [_thread_blocked, id=57020, stack(0x00000027f9700000,0x00000027f9800000) (1024K)]
  0x000001c694223f60 JavaThread "Compiler Source File Reader" daemon [_thread_blocked, id=21592, stack(0x00000027f9800000,0x00000027f9900000) (1024K)]
  0x000001c6942245f0 JavaThread "Compiler Class File Writer" daemon [_thread_blocked, id=50712, stack(0x00000027f9900000,0x00000027f9a00000) (1024K)]
  0x000001c692fb5190 JavaThread "ForkJoinPool.commonPool-worker-6" daemon [_thread_blocked, id=44388, stack(0x00000027f5300000,0x00000027f5400000) (1024K)]
  0x000001c692fb5820 JavaThread "ForkJoinPool.commonPool-worker-7" daemon [_thread_blocked, id=21076, stack(0x00000027f7000000,0x00000027f7100000) (1024K)]
  0x000001c692fb5eb0 JavaThread "ForkJoinPool.commonPool-worker-8" daemon [_thread_blocked, id=31240, stack(0x00000027f7100000,0x00000027f7200000) (1024K)]
  0x000001c692fb7260 JavaThread "ForkJoinPool.commonPool-worker-10" daemon [_thread_blocked, id=41612, stack(0x00000027f8d00000,0x00000027f8e00000) (1024K)]
  0x000001c692fb4b00 JavaThread "ForkJoinPool.commonPool-worker-9" daemon [_thread_blocked, id=6000, stack(0x00000027f9a00000,0x00000027f9b00000) (1024K)]
  0x000001c692fb9330 JavaThread "ForkJoinPool.commonPool-worker-11" daemon [_thread_blocked, id=25828, stack(0x00000027f9b00000,0x00000027f9c00000) (1024K)]
  0x000001c692fb78f0 JavaThread "Compiler Source File Reader" daemon [_thread_blocked, id=39672, stack(0x00000027f5100000,0x00000027f5200000) (1024K)]
  0x000001c692fb99c0 JavaThread "Compiler Processing Task"   daemon [_thread_blocked, id=32616, stack(0x00000027f7800000,0x00000027f7900000) (1024K)]
  0x000001c692fb7f80 JavaThread "Compiler Source File Reader" daemon [_thread_blocked, id=32388, stack(0x00000027f9400000,0x00000027f9500000) (1024K)]
  0x000001c692fb6540 JavaThread "Cleaner-0"                  daemon [_thread_blocked, id=19136, stack(0x00000027f9600000,0x00000027f9700000) (1024K)]
  0x000001c6941bd700 JavaThread "C2 CompilerThread1"         daemon [_thread_blocked, id=19360, stack(0x00000027f7700000,0x00000027f7800000) (1024K)]
=>0x000001c6941bf910 JavaThread "C2 CompilerThread2"         daemon [_thread_in_native, id=42796, stack(0x00000027f7b00000,0x00000027f7c00000) (1024K)]
Total: 61

Other Threads:
  0x000001c6322b1bb0 VMThread "VM Thread"                           [id=35616, stack(0x00000027f5700000,0x00000027f5800000) (1024K)]
  0x000001c63209ca00 WatcherThread "VM Periodic Task Thread"        [id=38024, stack(0x00000027f5600000,0x00000027f5700000) (1024K)]
  0x000001c63222d420 WorkerThread "GC Thread#0"                     [id=9856, stack(0x00000027f5500000,0x00000027f5600000) (1024K)]
  0x000001c690477fd0 WorkerThread "GC Thread#1"                     [id=54940, stack(0x00000027f6300000,0x00000027f6400000) (1024K)]
  0x000001c6905bc680 WorkerThread "GC Thread#2"                     [id=20500, stack(0x00000027f6400000,0x00000027f6500000) (1024K)]
  0x000001c6905bca20 WorkerThread "GC Thread#3"                     [id=3812, stack(0x00000027f6500000,0x00000027f6600000) (1024K)]
  0x000001c6905bcdc0 WorkerThread "GC Thread#4"                     [id=41632, stack(0x00000027f6600000,0x00000027f6700000) (1024K)]
  0x000001c6905bd160 WorkerThread "GC Thread#5"                     [id=10292, stack(0x00000027f6700000,0x00000027f6800000) (1024K)]
  0x000001c6901d6b30 WorkerThread "GC Thread#6"                     [id=10660, stack(0x00000027f6800000,0x00000027f6900000) (1024K)]
  0x000001c69069e510 WorkerThread "GC Thread#7"                     [id=6108, stack(0x00000027f6a00000,0x00000027f6b00000) (1024K)]
  0x000001c690339b30 WorkerThread "GC Thread#8"                     [id=52684, stack(0x00000027f6d00000,0x00000027f6e00000) (1024K)]
  0x000001c69006cf30 WorkerThread "GC Thread#9"                     [id=54508, stack(0x00000027f6e00000,0x00000027f6f00000) (1024K)]
Total: 12

Threads with active compile tasks:
C2 CompilerThread2  206031 14156       4       org.eclipse.jdt.internal.compiler.lookup.ModuleBinding::getOrCreateDeclaredPackage (136 bytes)
Total: 1

VM state: not at safepoint (normal execution)

VM Mutex/Monitor currently owned by a thread: None

Heap address: 0x0000000080000000, size: 2048 MB, Compressed Oops mode: 32-bit

CDS archive(s) mapped at: [0x000001c649000000-0x000001c649ba0000-0x000001c649ba0000), size 12189696, SharedBaseAddress: 0x000001c649000000, ArchiveRelocationMode: 1.
Compressed class space mapped at: 0x000001c64a000000-0x000001c68a000000, reserved size: 1073741824
Narrow klass base: 0x000001c649000000, Narrow klass shift: 0, Narrow klass range: 0x100000000

GC Precious Log:
 CardTable entry size: 512
 CPUs: 12 total, 12 available
 Memory: 16068M
 Large Page Support: Disabled
 NUMA Support: Disabled
 Compressed Oops: Enabled (32-bit)
 Alignments: Space 512K, Generation 512K, Heap 2M
 Heap Min Capacity: 100M
 Heap Initial Capacity: 100M
 Heap Max Capacity: 2G
 Pre-touch: Disabled
 Parallel Workers: 10

Heap:
 PSYoungGen      total 8192K, used 3046K [0x00000000d5580000, 0x00000000d6000000, 0x0000000100000000)
  eden space 7168K, 33% used [0x00000000d5580000,0x00000000d57dc720,0x00000000d5c80000)
  from space 1024K, 61% used [0x00000000d5e00000,0x00000000d5e9d200,0x00000000d5f00000)
  to   space 1024K, 0% used [0x00000000d5f00000,0x00000000d5f00000,0x00000000d6000000)
 ParOldGen       total 1046528K, used 1044946K [0x0000000080000000, 0x00000000bfe00000, 0x00000000d5580000)
  object space 1046528K, 99% used [0x0000000080000000,0x00000000bfc748b0,0x00000000bfe00000)
 Metaspace       used 76717K, committed 78272K, reserved 1179648K
  class space    used 8206K, committed 8896K, reserved 1048576K

Card table byte_map: [0x000001c631bb0000,0x000001c631fc0000] _byte_map_base: 0x000001c6317b0000

Marking Bits: (ParMarkBitMap*) 0x00007ff8072e2460
 Begin Bits: [0x000001c6446c0000, 0x000001c6466c0000)
 End Bits:   [0x000001c6466c0000, 0x000001c6486c0000)

Polling page: 0x000001c62ffd0000

Metaspace:

Usage:
  Non-class:     66.91 MB used.
      Class:      8.01 MB used.
       Both:     74.92 MB used.

Virtual space:
  Non-class space:      128.00 MB reserved,      67.75 MB ( 53%) committed,  2 nodes.
      Class space:        1.00 GB reserved,       8.69 MB ( <1%) committed,  1 nodes.
             Both:        1.12 GB reserved,      76.44 MB (  7%) committed. 

Chunk freelists:
   Non-Class:  11.56 MB
       Class:  7.32 MB
        Both:  18.88 MB

MaxMetaspaceSize: unlimited
CompressedClassSpaceSize: 1.00 GB
Initial GC threshold: 21.00 MB
Current GC threshold: 97.31 MB
CDS: on
 - commit_granule_bytes: 65536.
 - commit_granule_words: 8192.
 - virtual_space_node_default_size: 8388608.
 - enlarge_chunks_in_place: 1.
 - use_allocation_guard: 0.


Internal statistics:

num_allocs_failed_limit: 9.
num_arena_births: 1242.
num_arena_deaths: 22.
num_vsnodes_births: 3.
num_vsnodes_deaths: 0.
num_space_committed: 1223.
num_space_uncommitted: 0.
num_chunks_returned_to_freelist: 35.
num_chunks_taken_from_freelist: 4653.
num_chunk_merges: 12.
num_chunk_splits: 2838.
num_chunks_enlarged: 1662.
num_inconsistent_stats: 0.

CodeHeap 'non-profiled nmethods': size=120000Kb used=12092Kb max_used=12092Kb free=107907Kb
 bounds [0x000001c63cee0000, 0x000001c63dab0000, 0x000001c644410000]
CodeHeap 'profiled nmethods': size=120000Kb used=30249Kb max_used=30249Kb free=89751Kb
 bounds [0x000001c635410000, 0x000001c6371a0000, 0x000001c63c940000]
CodeHeap 'non-nmethods': size=5760Kb used=1499Kb max_used=1568Kb free=4260Kb
 bounds [0x000001c63c940000, 0x000001c63cbb0000, 0x000001c63cee0000]
CodeCache: size=245760Kb, used=43840Kb, max_used=43909Kb, free=201918Kb
 total_blobs=14232, nmethods=13411, adapters=726, full_count=0
Compilation: enabled, stopped_count=0, restarted_count=0

Compilation events (20 events):
Event: 205.835 Thread 0x000001c6941bd700 nmethod 14170 0x000001c63daa7810 code [0x000001c63daa79e0, 0x000001c63daa7e28]
Event: 205.835 Thread 0x000001c6941bd700 14171       4       com.sun.jna.Memory::boundsCheck (90 bytes)
Event: 205.836 Thread 0x000001c6941bd700 nmethod 14171 0x000001c63daa8790 code [0x000001c63daa8920, 0x000001c63daa8a18]
Event: 205.838 Thread 0x000001c6941bd700 14172   !   4       org.eclipse.core.internal.resources.Workspace::getResourceInfo (109 bytes)
Event: 205.848 Thread 0x000001c6322c8450 14174       3       org.eclipse.core.internal.dtree.DeltaDataTree::includes (12 bytes)
Event: 205.849 Thread 0x000001c6322c8450 nmethod 14174 0x000001c637196a90 code [0x000001c637196c40, 0x000001c637196df8]
Event: 205.849 Thread 0x000001c6322c8450 14175       3       java.util.Map::getOrDefault (28 bytes)
Event: 205.849 Thread 0x000001c6322c8450 nmethod 14175 0x000001c637196e90 code [0x000001c637197060, 0x000001c6371973b8]
Event: 205.850 Thread 0x000001c6322c8450 14176       3       org.eclipse.debug.internal.core.LaunchManager$LaunchManagerVisitor::visit (204 bytes)
Event: 205.852 Thread 0x000001c68b032310 nmethod 14148 0x000001c63daa8b10 code [0x000001c63daa8f20, 0x000001c63daabad8]
Event: 205.854 Thread 0x000001c6322c8450 nmethod 14176 0x000001c637197490 code [0x000001c6371978a0, 0x000001c6371996c0]
Event: 205.856 Thread 0x000001c6322c8450 14178       3       org.eclipse.core.internal.content.ContentType::getAliasTarget (20 bytes)
Event: 205.856 Thread 0x000001c6322c8450 nmethod 14178 0x000001c63719a010 code [0x000001c63719a1c0, 0x000001c63719a370]
Event: 205.857 Thread 0x000001c6322c8450 14177       1       org.eclipse.core.internal.content.ContentType::getCatalog (5 bytes)
Event: 205.857 Thread 0x000001c6322c8450 nmethod 14177 0x000001c63daacc90 code [0x000001c63daace20, 0x000001c63daacee8]
Event: 205.857 Thread 0x000001c68b032310 14173       4       jdk.internal.util.ArraysSupport::newLength (27 bytes)
Event: 205.859 Thread 0x000001c68b032310 nmethod 14173 0x000001c63daacf90 code [0x000001c63daad120, 0x000001c63daad1c0]
Event: 205.859 Thread 0x000001c68b032310 14179       4       java.util.concurrent.atomic.AtomicLong::decrementAndGet (16 bytes)
Event: 205.859 Thread 0x000001c68b032310 nmethod 14179 0x000001c63daad290 code [0x000001c63daad420, 0x000001c63daad4b8]
Event: 205.865 Thread 0x000001c6941bd700 nmethod 14172 0x000001c63daad590 code [0x000001c63daad820, 0x000001c63daae8d0]

GC Heap History (20 events):
Event: 185.159 GC heap before
{Heap before GC invocations=1533 (full 3):
 PSYoungGen      total 8704K, used 7906K [0x00000000d5580000, 0x00000000d6280000, 0x0000000100000000)
  eden space 4096K, 99% used [0x00000000d5580000,0x00000000d597ff78,0x00000000d5980000)
  from space 4608K, 82% used [0x00000000d5980000,0x00000000d5d38c00,0x00000000d5e00000)
  to   space 4096K, 0% used [0x00000000d5e80000,0x00000000d5e80000,0x00000000d6280000)
 ParOldGen       total 934400K, used 934299K [0x0000000080000000, 0x00000000b9080000, 0x00000000d5580000)
  object space 934400K, 99% used [0x0000000080000000,0x00000000b9066f90,0x00000000b9080000)
 Metaspace       used 73705K, committed 75328K, reserved 1179648K
  class space    used 7908K, committed 8640K, reserved 1048576K
}
Event: 185.163 GC heap after
{Heap after GC invocations=1533 (full 3):
 PSYoungGen      total 6656K, used 1472K [0x00000000d5580000, 0x00000000d6000000, 0x0000000100000000)
  eden space 5120K, 0% used [0x00000000d5580000,0x00000000d5580000,0x00000000d5a80000)
  from space 1536K, 95% used [0x00000000d5e80000,0x00000000d5ff0010,0x00000000d6000000)
  to   space 2560K, 0% used [0x00000000d5b00000,0x00000000d5b00000,0x00000000d5d80000)
 ParOldGen       total 938496K, used 937995K [0x0000000080000000, 0x00000000b9480000, 0x00000000d5580000)
  object space 938496K, 99% used [0x0000000080000000,0x00000000b9402f90,0x00000000b9480000)
 Metaspace       used 73705K, committed 75328K, reserved 1179648K
  class space    used 7908K, committed 8640K, reserved 1048576K
}
Event: 185.198 GC heap before
{Heap before GC invocations=1534 (full 3):
 PSYoungGen      total 6656K, used 6592K [0x00000000d5580000, 0x00000000d6000000, 0x0000000100000000)
  eden space 5120K, 100% used [0x00000000d5580000,0x00000000d5a80000,0x00000000d5a80000)
  from space 1536K, 95% used [0x00000000d5e80000,0x00000000d5ff0010,0x00000000d6000000)
  to   space 2560K, 0% used [0x00000000d5b00000,0x00000000d5b00000,0x00000000d5d80000)
 ParOldGen       total 938496K, used 937995K [0x0000000080000000, 0x00000000b9480000, 0x00000000d5580000)
  object space 938496K, 99% used [0x0000000080000000,0x00000000b9402f90,0x00000000b9480000)
 Metaspace       used 74003K, committed 75584K, reserved 1179648K
  class space    used 7940K, committed 8640K, reserved 1048576K
}
Event: 185.202 GC heap after
{Heap after GC invocations=1534 (full 3):
 PSYoungGen      total 8192K, used 2560K [0x00000000d5580000, 0x00000000d6380000, 0x0000000100000000)
  eden space 5632K, 0% used [0x00000000d5580000,0x00000000d5580000,0x00000000d5b00000)
  from space 2560K, 100% used [0x00000000d5b00000,0x00000000d5d80000,0x00000000d5d80000)
  to   space 4096K, 0% used [0x00000000d5f80000,0x00000000d5f80000,0x00000000d6380000)
 ParOldGen       total 939008K, used 938931K [0x0000000080000000, 0x00000000b9500000, 0x00000000d5580000)
  object space 939008K, 99% used [0x0000000080000000,0x00000000b94ecfb0,0x00000000b9500000)
 Metaspace       used 74003K, committed 75584K, reserved 1179648K
  class space    used 7940K, committed 8640K, reserved 1048576K
}
Event: 185.249 GC heap before
{Heap before GC invocations=1535 (full 3):
 PSYoungGen      total 8192K, used 8192K [0x00000000d5580000, 0x00000000d6380000, 0x0000000100000000)
  eden space 5632K, 100% used [0x00000000d5580000,0x00000000d5b00000,0x00000000d5b00000)
  from space 2560K, 100% used [0x00000000d5b00000,0x00000000d5d80000,0x00000000d5d80000)
  to   space 4096K, 0% used [0x00000000d5f80000,0x00000000d5f80000,0x00000000d6380000)
 ParOldGen       total 939008K, used 938931K [0x0000000080000000, 0x00000000b9500000, 0x00000000d5580000)
  object space 939008K, 99% used [0x0000000080000000,0x00000000b94ecfb0,0x00000000b9500000)
 Metaspace       used 74438K, committed 76096K, reserved 1179648K
  class space    used 7976K, committed 8704K, reserved 1048576K
}
Event: 185.254 GC heap after
{Heap after GC invocations=1535 (full 3):
 PSYoungGen      total 8704K, used 2718K [0x00000000d5580000, 0x00000000d6280000, 0x0000000100000000)
  eden space 5632K, 0% used [0x00000000d5580000,0x00000000d5580000,0x00000000d5b00000)
  from space 3072K, 88% used [0x00000000d5f80000,0x00000000d62279a0,0x00000000d6280000)
  to   space 3072K, 0% used [0x00000000d5c80000,0x00000000d5c80000,0x00000000d5f80000)
 ParOldGen       total 941568K, used 941435K [0x0000000080000000, 0x00000000b9780000, 0x00000000d5580000)
  object space 941568K, 99% used [0x0000000080000000,0x00000000b975efb0,0x00000000b9780000)
 Metaspace       used 74438K, committed 76096K, reserved 1179648K
  class space    used 7976K, committed 8704K, reserved 1048576K
}
Event: 185.269 GC heap before
{Heap before GC invocations=1536 (full 3):
 PSYoungGen      total 8704K, used 8350K [0x00000000d5580000, 0x00000000d6280000, 0x0000000100000000)
  eden space 5632K, 99% used [0x00000000d5580000,0x00000000d5affff8,0x00000000d5b00000)
  from space 3072K, 88% used [0x00000000d5f80000,0x00000000d62279a0,0x00000000d6280000)
  to   space 3072K, 0% used [0x00000000d5c80000,0x00000000d5c80000,0x00000000d5f80000)
 ParOldGen       total 941568K, used 941435K [0x0000000080000000, 0x00000000b9780000, 0x00000000d5580000)
  object space 941568K, 99% used [0x0000000080000000,0x00000000b975efb0,0x00000000b9780000)
 Metaspace       used 74456K, committed 76096K, reserved 1179648K
  class space    used 7979K, committed 8704K, reserved 1048576K
}
Event: 185.274 GC heap after
{Heap after GC invocations=1536 (full 3):
 PSYoungGen      total 8704K, used 3066K [0x00000000d5580000, 0x00000000d6900000, 0x0000000100000000)
  eden space 5632K, 0% used [0x00000000d5580000,0x00000000d5580000,0x00000000d5b00000)
  from space 3072K, 99% used [0x00000000d5c80000,0x00000000d5f7e920,0x00000000d5f80000)
  to   space 7168K, 0% used [0x00000000d6200000,0x00000000d6200000,0x00000000d6900000)
 ParOldGen       total 945152K, used 944814K [0x0000000080000000, 0x00000000b9b00000, 0x00000000d5580000)
  object space 945152K, 99% used [0x0000000080000000,0x00000000b9aabbe0,0x00000000b9b00000)
 Metaspace       used 74456K, committed 76096K, reserved 1179648K
  class space    used 7979K, committed 8704K, reserved 1048576K
}
Event: 185.291 GC heap before
{Heap before GC invocations=1537 (full 3):
 PSYoungGen      total 8704K, used 8698K [0x00000000d5580000, 0x00000000d6900000, 0x0000000100000000)
  eden space 5632K, 100% used [0x00000000d5580000,0x00000000d5b00000,0x00000000d5b00000)
  from space 3072K, 99% used [0x00000000d5c80000,0x00000000d5f7e920,0x00000000d5f80000)
  to   space 7168K, 0% used [0x00000000d6200000,0x00000000d6200000,0x00000000d6900000)
 ParOldGen       total 976896K, used 975535K [0x0000000080000000, 0x00000000bba00000, 0x00000000d5580000)
  object space 976896K, 99% used [0x0000000080000000,0x00000000bb8abc10,0x00000000bba00000)
 Metaspace       used 74526K, committed 76160K, reserved 1179648K
  class space    used 7984K, committed 8704K, reserved 1048576K
}
Event: 185.298 GC heap after
{Heap after GC invocations=1537 (full 3):
 PSYoungGen      total 10752K, used 3534K [0x00000000d5580000, 0x00000000d6580000, 0x0000000100000000)
  eden space 7168K, 0% used [0x00000000d5580000,0x00000000d5580000,0x00000000d5c80000)
  from space 3584K, 98% used [0x00000000d6200000,0x00000000d6573a50,0x00000000d6580000)
  to   space 4608K, 0% used [0x00000000d5c80000,0x00000000d5c80000,0x00000000d6100000)
 ParOldGen       total 978944K, used 978584K [0x0000000080000000, 0x00000000bbc00000, 0x00000000d5580000)
  object space 978944K, 99% used [0x0000000080000000,0x00000000bbba60e0,0x00000000bbc00000)
 Metaspace       used 74526K, committed 76160K, reserved 1179648K
  class space    used 7984K, committed 8704K, reserved 1048576K
}
Event: 185.367 GC heap before
{Heap before GC invocations=1538 (full 3):
 PSYoungGen      total 10752K, used 10697K [0x00000000d5580000, 0x00000000d6580000, 0x0000000100000000)
  eden space 7168K, 99% used [0x00000000d5580000,0x00000000d5c7ec10,0x00000000d5c80000)
  from space 3584K, 98% used [0x00000000d6200000,0x00000000d6573a50,0x00000000d6580000)
  to   space 4608K, 0% used [0x00000000d5c80000,0x00000000d5c80000,0x00000000d6100000)
 ParOldGen       total 978944K, used 978584K [0x0000000080000000, 0x00000000bbc00000, 0x00000000d5580000)
  object space 978944K, 99% used [0x0000000080000000,0x00000000bbba60e0,0x00000000bbc00000)
 Metaspace       used 74964K, committed 76608K, reserved 1179648K
  class space    used 8035K, committed 8768K, reserved 1048576K
}
Event: 185.371 GC heap after
{Heap after GC invocations=1538 (full 3):
 PSYoungGen      total 8704K, used 1372K [0x00000000d5580000, 0x00000000d6280000, 0x0000000100000000)
  eden space 7168K, 0% used [0x00000000d5580000,0x00000000d5580000,0x00000000d5c80000)
  from space 1536K, 89% used [0x00000000d5c80000,0x00000000d5dd7188,0x00000000d5e00000)
  to   space 2560K, 0% used [0x00000000d6000000,0x00000000d6000000,0x00000000d6280000)
 ParOldGen       total 982016K, used 981552K [0x0000000080000000, 0x00000000bbf00000, 0x00000000d5580000)
  object space 982016K, 99% used [0x0000000080000000,0x00000000bbe8c0f0,0x00000000bbf00000)
 Metaspace       used 74964K, committed 76608K, reserved 1179648K
  class space    used 8035K, committed 8768K, reserved 1048576K
}
Event: 185.527 GC heap before
{Heap before GC invocations=1539 (full 3):
 PSYoungGen      total 8704K, used 8540K [0x00000000d5580000, 0x00000000d6280000, 0x0000000100000000)
  eden space 7168K, 99% used [0x00000000d5580000,0x00000000d5c7ffc0,0x00000000d5c80000)
  from space 1536K, 89% used [0x00000000d5c80000,0x00000000d5dd7188,0x00000000d5e00000)
  to   space 2560K, 0% used [0x00000000d6000000,0x00000000d6000000,0x00000000d6280000)
 ParOldGen       total 982016K, used 981552K [0x0000000080000000, 0x00000000bbf00000, 0x00000000d5580000)
  object space 982016K, 99% used [0x0000000080000000,0x00000000bbe8c0f0,0x00000000bbf00000)
 Metaspace       used 75554K, committed 77120K, reserved 1179648K
  class space    used 8074K, committed 8768K, reserved 1048576K
}
Event: 185.532 GC heap after
{Heap after GC invocations=1539 (full 3):
 PSYoungGen      total 7680K, used 480K [0x00000000d5580000, 0x00000000d6080000, 0x0000000100000000)
  eden space 7168K, 0% used [0x00000000d5580000,0x00000000d5580000,0x00000000d5c80000)
  from space 512K, 93% used [0x00000000d6000000,0x00000000d6078000,0x00000000d6080000)
  to   space 1024K, 0% used [0x00000000d5e80000,0x00000000d5e80000,0x00000000d5f80000)
 ParOldGen       total 982528K, used 982264K [0x0000000080000000, 0x00000000bbf80000, 0x00000000d5580000)
  object space 982528K, 99% used [0x0000000080000000,0x00000000bbf3e110,0x00000000bbf80000)
 Metaspace       used 75554K, committed 77120K, reserved 1179648K
  class space    used 8074K, committed 8768K, reserved 1048576K
}
Event: 185.718 GC heap before
{Heap before GC invocations=1540 (full 3):
 PSYoungGen      total 7680K, used 7648K [0x00000000d5580000, 0x00000000d6080000, 0x0000000100000000)
  eden space 7168K, 100% used [0x00000000d5580000,0x00000000d5c80000,0x00000000d5c80000)
  from space 512K, 93% used [0x00000000d6000000,0x00000000d6078000,0x00000000d6080000)
  to   space 1024K, 0% used [0x00000000d5e80000,0x00000000d5e80000,0x00000000d5f80000)
 ParOldGen       total 982528K, used 982264K [0x0000000080000000, 0x00000000bbf80000, 0x00000000d5580000)
  object space 982528K, 99% used [0x0000000080000000,0x00000000bbf3e110,0x00000000bbf80000)
 Metaspace       used 76116K, committed 77760K, reserved 1179648K
  class space    used 8132K, committed 8896K, reserved 1048576K
}
Event: 185.720 GC heap after
{Heap after GC invocations=1540 (full 3):
 PSYoungGen      total 8192K, used 928K [0x00000000d5580000, 0x00000000d6080000, 0x0000000100000000)
  eden space 7168K, 0% used [0x00000000d5580000,0x00000000d5580000,0x00000000d5c80000)
  from space 1024K, 90% used [0x00000000d5e80000,0x00000000d5f68000,0x00000000d5f80000)
  to   space 1024K, 0% used [0x00000000d5f80000,0x00000000d5f80000,0x00000000d6080000)
 ParOldGen       total 983040K, used 982584K [0x0000000080000000, 0x00000000bc000000, 0x00000000d5580000)
  object space 983040K, 99% used [0x0000000080000000,0x00000000bbf8e110,0x00000000bc000000)
 Metaspace       used 76116K, committed 77760K, reserved 1179648K
  class space    used 8132K, committed 8896K, reserved 1048576K
}
Event: 199.190 GC heap before
{Heap before GC invocations=1541 (full 3):
 PSYoungGen      total 8192K, used 8096K [0x00000000d5580000, 0x00000000d6080000, 0x0000000100000000)
  eden space 7168K, 100% used [0x00000000d5580000,0x00000000d5c80000,0x00000000d5c80000)
  from space 1024K, 90% used [0x00000000d5e80000,0x00000000d5f68000,0x00000000d5f80000)
  to   space 1024K, 0% used [0x00000000d5f80000,0x00000000d5f80000,0x00000000d6080000)
 ParOldGen       total 1014784K, used 1013304K [0x0000000080000000, 0x00000000bdf00000, 0x00000000d5580000)
  object space 1014784K, 99% used [0x0000000080000000,0x00000000bdd8e140,0x00000000bdf00000)
 Metaspace       used 76657K, committed 78208K, reserved 1179648K
  class space    used 8206K, committed 8896K, reserved 1048576K
}
Event: 199.192 GC heap after
{Heap after GC invocations=1541 (full 3):
 PSYoungGen      total 7680K, used 512K [0x00000000d5580000, 0x00000000d6000000, 0x0000000100000000)
  eden space 7168K, 0% used [0x00000000d5580000,0x00000000d5580000,0x00000000d5c80000)
  from space 512K, 100% used [0x00000000d5f80000,0x00000000d6000000,0x00000000d6000000)
  to   space 1024K, 0% used [0x00000000d5e00000,0x00000000d5e00000,0x00000000d5f00000)
 ParOldGen       total 1014784K, used 1014074K [0x0000000080000000, 0x00000000bdf00000, 0x00000000d5580000)
  object space 1014784K, 99% used [0x0000000080000000,0x00000000bde4e880,0x00000000bdf00000)
 Metaspace       used 76657K, committed 78208K, reserved 1179648K
  class space    used 8206K, committed 8896K, reserved 1048576K
}
Event: 205.764 GC heap before
{Heap before GC invocations=1542 (full 3):
 PSYoungGen      total 7680K, used 7679K [0x00000000d5580000, 0x00000000d6000000, 0x0000000100000000)
  eden space 7168K, 99% used [0x00000000d5580000,0x00000000d5c7fff0,0x00000000d5c80000)
  from space 512K, 100% used [0x00000000d5f80000,0x00000000d6000000,0x00000000d6000000)
  to   space 1024K, 0% used [0x00000000d5e00000,0x00000000d5e00000,0x00000000d5f00000)
 ParOldGen       total 1014784K, used 1014074K [0x0000000080000000, 0x00000000bdf00000, 0x00000000d5580000)
  object space 1014784K, 99% used [0x0000000080000000,0x00000000bde4e880,0x00000000bdf00000)
 Metaspace       used 76700K, committed 78272K, reserved 1179648K
  class space    used 8206K, committed 8896K, reserved 1048576K
}
Event: 205.768 GC heap after
{Heap after GC invocations=1542 (full 3):
 PSYoungGen      total 8192K, used 628K [0x00000000d5580000, 0x00000000d6000000, 0x0000000100000000)
  eden space 7168K, 0% used [0x00000000d5580000,0x00000000d5580000,0x00000000d5c80000)
  from space 1024K, 61% used [0x00000000d5e00000,0x00000000d5e9d200,0x00000000d5f00000)
  to   space 1024K, 0% used [0x00000000d5f00000,0x00000000d5f00000,0x00000000d6000000)
 ParOldGen       total 1014784K, used 1014226K [0x0000000080000000, 0x00000000bdf00000, 0x00000000d5580000)
  object space 1014784K, 99% used [0x0000000080000000,0x00000000bde74880,0x00000000bdf00000)
 Metaspace       used 76700K, committed 78272K, reserved 1179648K
  class space    used 8206K, committed 8896K, reserved 1048576K
}

Dll operation events (14 events):
Event: 0.144 Loaded shared library c:\Users\harsh\.vscode\extensions\redhat.java-1.50.0-win32-x64\jre\21.0.9-win32-x86_64\bin\java.dll
Event: 0.363 Loaded shared library c:\Users\harsh\.vscode\extensions\redhat.java-1.50.0-win32-x64\jre\21.0.9-win32-x86_64\bin\zip.dll
Event: 0.384 Loaded shared library C:\Users\harsh\.vscode\extensions\redhat.java-1.50.0-win32-x64\jre\21.0.9-win32-x86_64\bin\instrument.dll
Event: 0.481 Loaded shared library C:\Users\harsh\.vscode\extensions\redhat.java-1.50.0-win32-x64\jre\21.0.9-win32-x86_64\bin\net.dll
Event: 0.660 Loaded shared library C:\Users\harsh\.vscode\extensions\redhat.java-1.50.0-win32-x64\jre\21.0.9-win32-x86_64\bin\nio.dll
Event: 0.663 Loaded shared library C:\Users\harsh\.vscode\extensions\redhat.java-1.50.0-win32-x64\jre\21.0.9-win32-x86_64\bin\zip.dll
Event: 0.744 Loaded shared library C:\Users\harsh\.vscode\extensions\redhat.java-1.50.0-win32-x64\jre\21.0.9-win32-x86_64\bin\jimage.dll
Event: 0.980 Loaded shared library c:\Users\harsh\.vscode\extensions\redhat.java-1.50.0-win32-x64\jre\21.0.9-win32-x86_64\bin\verify.dll
Event: 13.484 Loaded shared library C:\Users\harsh\AppData\Roaming\Code\User\globalStorage\redhat.java\1.50.0\config_win\org.eclipse.equinox.launcher\org.eclipse.equinox.launcher.win32.win32.x86_64_1.2.1400.v20250801-0854\eclipse_11916.dll
Event: 38.718 Loaded shared library C:\Users\harsh\.vscode\extensions\redhat.java-1.50.0-win32-x64\jre\21.0.9-win32-x86_64\bin\management.dll
Event: 38.720 Loaded shared library C:\Users\harsh\.vscode\extensions\redhat.java-1.50.0-win32-x64\jre\21.0.9-win32-x86_64\bin\management_ext.dll
Event: 40.170 Loaded shared library C:\Users\harsh\AppData\Local\Temp\jna-99049134\jna548109151532312972.dll
Event: 40.904 Loaded shared library C:\Users\harsh\.vscode\extensions\redhat.java-1.50.0-win32-x64\jre\21.0.9-win32-x86_64\bin\sunmscapi.dll
Event: 41.078 Loaded shared library C:\Users\harsh\.vscode\extensions\redhat.java-1.50.0-win32-x64\jre\21.0.9-win32-x86_64\bin\extnet.dll

Deoptimization events (20 events):
Event: 205.327 Thread 0x000001c692fb7260 DEOPT PACKING pc=0x000001c63d5dd398 sp=0x00000027f8dfe9d0
Event: 205.327 Thread 0x000001c692fb7260 DEOPT UNPACKING pc=0x000001c63c993aa2 sp=0x00000027f8dfe948 mode 2
Event: 205.595 Thread 0x000001c692fb7260 DEOPT PACKING pc=0x000001c635ba1584 sp=0x00000027f8dfe4f0
Event: 205.595 Thread 0x000001c692fb7260 DEOPT UNPACKING pc=0x000001c63c994242 sp=0x00000027f8dfd9a8 mode 0
Event: 205.599 Thread 0x000001c692fb7260 Uncommon trap: trap_request=0xffffffde fr.pc=0x000001c63d5dd398 relative=0x0000000000000078
Event: 205.599 Thread 0x000001c692fb7260 Uncommon trap: reason=class_check action=maybe_recompile pc=0x000001c63d5dd398 method=java.util.LinkedHashMap.afterNodeInsertion(Z)V @ 15 c2
Event: 205.599 Thread 0x000001c692fb7260 DEOPT PACKING pc=0x000001c63d5dd398 sp=0x00000027f8dfe9d0
Event: 205.599 Thread 0x000001c692fb7260 DEOPT UNPACKING pc=0x000001c63c993aa2 sp=0x00000027f8dfe948 mode 2
Event: 205.617 Thread 0x000001c692fe9af0 Uncommon trap: trap_request=0xffffffde fr.pc=0x000001c63d59d83c relative=0x0000000000000b9c
Event: 205.617 Thread 0x000001c692fe9af0 Uncommon trap: reason=class_check action=maybe_recompile pc=0x000001c63d59d83c method=org.eclipse.core.internal.dtree.DeltaDataTree.lookup(Lorg/eclipse/core/runtime/IPath;)Lorg/eclipse/core/internal/dtree/DataTreeLookup; @ 125 c2
Event: 205.617 Thread 0x000001c692fe9af0 DEOPT PACKING pc=0x000001c63d59d83c sp=0x00000027f8bfee00
Event: 205.617 Thread 0x000001c692fe9af0 DEOPT UNPACKING pc=0x000001c63c993aa2 sp=0x00000027f8bfecc8 mode 2
Event: 205.617 Thread 0x000001c692fe9af0 Uncommon trap: trap_request=0xffffffde fr.pc=0x000001c63d59d83c relative=0x0000000000000b9c
Event: 205.617 Thread 0x000001c692fe9af0 Uncommon trap: reason=class_check action=maybe_recompile pc=0x000001c63d59d83c method=org.eclipse.core.internal.dtree.DeltaDataTree.lookup(Lorg/eclipse/core/runtime/IPath;)Lorg/eclipse/core/internal/dtree/DataTreeLookup; @ 125 c2
Event: 205.617 Thread 0x000001c692fe9af0 DEOPT PACKING pc=0x000001c63d59d83c sp=0x00000027f8bfed70
Event: 205.618 Thread 0x000001c692fe9af0 DEOPT UNPACKING pc=0x000001c63c993aa2 sp=0x00000027f8bfec38 mode 2
Event: 205.748 Thread 0x000001c68b30aae0 Uncommon trap: trap_request=0xffffffde fr.pc=0x000001c63d9ed17c relative=0x0000000000001d3c
Event: 205.748 Thread 0x000001c68b30aae0 Uncommon trap: reason=class_check action=maybe_recompile pc=0x000001c63d9ed17c method=org.eclipse.jdt.internal.core.JavaModelCache.getInfo(Lorg/eclipse/jdt/core/IJavaElement;)Lorg/eclipse/jdt/internal/compiler/env/IElementInfo; @ 138 c2
Event: 205.748 Thread 0x000001c68b30aae0 DEOPT PACKING pc=0x000001c63d9ed17c sp=0x00000027f79fda90
Event: 205.748 Thread 0x000001c68b30aae0 DEOPT UNPACKING pc=0x000001c63c993aa2 sp=0x00000027f79fda68 mode 2

Classes loaded (20 events):
Event: 123.104 Loading class com/sun/org/apache/xerces/internal/util/URI
Event: 123.104 Loading class com/sun/org/apache/xerces/internal/util/URI done
Event: 123.106 Loading class com/sun/org/apache/xerces/internal/xni/XNIException
Event: 123.106 Loading class com/sun/org/apache/xerces/internal/xni/XNIException done
Event: 123.108 Loading class com/sun/org/apache/xerces/internal/xni/parser/XMLParseException
Event: 123.108 Loading class com/sun/org/apache/xerces/internal/xni/parser/XMLParseException done
Event: 123.320 Loading class java/nio/BufferMismatch
Event: 123.321 Loading class java/nio/BufferMismatch done
Event: 183.642 Loading class jdk/internal/event/SecurityPropertyModificationEvent
Event: 183.642 Loading class jdk/internal/event/SecurityPropertyModificationEvent done
Event: 184.349 Loading class java/lang/UnsupportedClassVersionError
Event: 184.349 Loading class java/lang/UnsupportedClassVersionError done
Event: 185.346 Loading class java/util/stream/ReduceOps$5
Event: 185.347 Loading class java/util/stream/ReduceOps$5 done
Event: 185.347 Loading class java/util/stream/ReduceOps$CountingSink$OfRef
Event: 185.347 Loading class java/util/stream/ReduceOps$CountingSink
Event: 185.347 Loading class java/util/stream/ReduceOps$CountingSink done
Event: 185.347 Loading class java/util/stream/ReduceOps$CountingSink$OfRef done
Event: 185.695 Loading class jdk/internal/ref/CleanerImpl$InnocuousThreadFactory
Event: 185.695 Loading class jdk/internal/ref/CleanerImpl$InnocuousThreadFactory done

Classes unloaded (11 events):
Event: 39.346 Thread 0x000001c6322b1bb0 Unloading class 0x000001c64a1aa000 'java/lang/invoke/LambdaForm$MH+0x000001c64a1aa000'
Event: 39.346 Thread 0x000001c6322b1bb0 Unloading class 0x000001c64a1a9c00 'java/lang/invoke/LambdaForm$MH+0x000001c64a1a9c00'
Event: 39.346 Thread 0x000001c6322b1bb0 Unloading class 0x000001c64a1a9800 'java/lang/invoke/LambdaForm$MH+0x000001c64a1a9800'
Event: 39.346 Thread 0x000001c6322b1bb0 Unloading class 0x000001c64a1a9400 'java/lang/invoke/LambdaForm$MH+0x000001c64a1a9400'
Event: 39.346 Thread 0x000001c6322b1bb0 Unloading class 0x000001c64a1a9000 'java/lang/invoke/LambdaForm$BMH+0x000001c64a1a9000'
Event: 39.346 Thread 0x000001c6322b1bb0 Unloading class 0x000001c64a1a8c00 'java/lang/invoke/LambdaForm$DMH+0x000001c64a1a8c00'
Event: 39.346 Thread 0x000001c6322b1bb0 Unloading class 0x000001c64a1a3800 'java/lang/invoke/LambdaForm$DMH+0x000001c64a1a3800'
Event: 75.121 Thread 0x000001c6322b1bb0 Unloading class 0x000001c64a688800 'java/lang/invoke/LambdaForm$DMH+0x000001c64a688800'
Event: 75.121 Thread 0x000001c6322b1bb0 Unloading class 0x000001c64a688000 'java/lang/invoke/LambdaForm$DMH+0x000001c64a688000'
Event: 75.121 Thread 0x000001c6322b1bb0 Unloading class 0x000001c64a688400 'java/lang/invoke/LambdaForm$DMH+0x000001c64a688400'
Event: 75.121 Thread 0x000001c6322b1bb0 Unloading class 0x000001c64a683800 'java/lang/invoke/LambdaForm$DMH+0x000001c64a683800'

Classes redefined (0 events):
No events

Internal exceptions (20 events):
Event: 183.638 Thread 0x000001c692febbc0 Exception <a 'java/lang/IncompatibleClassChangeError'{0x00000000d5596eb0}: Found class java.lang.Object, but interface was expected> (0x00000000d5596eb0) 
thrown [s\src\hotspot\share\interpreter\linkResolver.cpp, line 840]
Event: 183.764 Thread 0x000001c692fb7f80 Implicit null exception at 0x000001c63d9939e2 to 0x000001c63d993ae4
Event: 184.044 Thread 0x000001c692febbc0 Exception <a 'java/lang/IncompatibleClassChangeError'{0x00000000d56ad5d8}: Found class java.lang.Object, but interface was expected> (0x00000000d56ad5d8) 
thrown [s\src\hotspot\share\interpreter\linkResolver.cpp, line 840]
Event: 184.267 Thread 0x000001c692fe6d00 Exception <a 'java/lang/NoSuchMethodError'{0x00000000d58bf8b8}: 'java.lang.Object java.lang.invoke.DirectMethodHandle$Holder.invokeSpecial(java.lang.Object, java.lang.Object, int, long)'> (0x00000000d58bf8b8) 
thrown [s\src\hotspot\share\interpreter\linkResolver.cpp, line 773]
Event: 184.287 Thread 0x000001c692fb5190 Exception <a 'java/lang/NoSuchMethodError'{0x00000000d5690b10}: 'java.lang.Object java.lang.invoke.DirectMethodHandle$Holder.invokeSpecial(java.lang.Object, java.lang.Object, java.lang.Object, java.lang.Object, int, java.lang.Object, java.lang.Object)'> (0x00000000d5690b10) 
thrown [s\src\hotspot\share\interpreter\linkResolver.cpp, line 773]
Event: 184.287 Thread 0x000001c694221800 Exception <a 'java/lang/NoSuchMethodError'{0x00000000d56901d0}: 'java.lang.Object java.lang.invoke.DirectMethodHandle$Holder.invokeSpecial(java.lang.Object, java.lang.Object, java.lang.Object, java.lang.Object, int, java.lang.Object, java.lang.Object)'> (0x00000000d56901d0) 
thrown [s\src\hotspot\share\interpreter\linkResolver.cpp, line 773]
Event: 184.287 Thread 0x000001c692fb4b00 Exception <a 'java/lang/NoSuchMethodError'{0x00000000d568c130}: 'java.lang.Object java.lang.invoke.DirectMethodHandle$Holder.invokeSpecial(java.lang.Object, java.lang.Object, java.lang.Object, java.lang.Object, int, java.lang.Object, java.lang.Object)'> (0x00000000d568c130) 
thrown [s\src\hotspot\share\interpreter\linkResolver.cpp, line 773]
Event: 184.369 Thread 0x000001c692fb5820 Exception <a 'java/lang/NoSuchMethodError'{0x00000000d576db98}: 'int java.lang.invoke.Invokers$Holder.invokeExact_MT(java.lang.Object, java.lang.Object)'> (0x00000000d576db98) 
thrown [s\src\hotspot\share\interpreter\linkResolver.cpp, line 773]
Event: 184.679 Thread 0x000001c692fb5820 Exception <a 'java/lang/IncompatibleClassChangeError'{0x00000000d5ac14b0}: Found class java.lang.Object, but interface was expected> (0x00000000d5ac14b0) 
thrown [s\src\hotspot\share\interpreter\linkResolver.cpp, line 840]
Event: 184.791 Thread 0x000001c692febbc0 Exception <a 'java/lang/IncompatibleClassChangeError'{0x00000000d559ded8}: Found class java.lang.Object, but interface was expected> (0x00000000d559ded8) 
thrown [s\src\hotspot\share\interpreter\linkResolver.cpp, line 840]
Event: 184.792 Thread 0x000001c692febbc0 Exception <a 'java/lang/IncompatibleClassChangeError'{0x00000000d55da2c0}: Found class java.lang.Object, but interface was expected> (0x00000000d55da2c0) 
thrown [s\src\hotspot\share\interpreter\linkResolver.cpp, line 840]
Event: 184.821 Thread 0x000001c692febbc0 Exception <a 'java/lang/IncompatibleClassChangeError'{0x00000000d5888208}: Found class java.lang.Object, but interface was expected> (0x00000000d5888208) 
thrown [s\src\hotspot\share\interpreter\linkResolver.cpp, line 840]
Event: 184.873 Thread 0x000001c692fb5eb0 Exception <a 'java/lang/ArrayIndexOutOfBoundsException'{0x00000000d559ba60}: Index 83 out of bounds for length 82> (0x00000000d559ba60) 
thrown [s\src\hotspot\share\interpreter\interpreterRuntime.cpp, line 439]
Event: 184.983 Thread 0x000001c692fe6d00 Implicit null exception at 0x000001c63d7e48e3 to 0x000001c63d7e4f38
Event: 184.983 Thread 0x000001c692fb5820 Implicit null exception at 0x000001c63d7e48e3 to 0x000001c63d7e4f38
Event: 185.061 Thread 0x000001c68b30b800 Exception <a 'sun/nio/fs/WindowsException'{0x00000000d56899b0}> (0x00000000d56899b0) 
thrown [s\src\hotspot\share\prims\jni.cpp, line 520]
Event: 185.362 Thread 0x000001c68b30b800 Exception <a 'sun/nio/fs/WindowsException'{0x00000000d5660bd8}> (0x00000000d5660bd8) 
thrown [s\src\hotspot\share\prims\jni.cpp, line 520]
Event: 185.773 Thread 0x000001c694222bb0 Exception <a 'java/lang/NoSuchMethodError'{0x00000000d57a3768}: 'java.lang.Object java.lang.invoke.DirectMethodHandle$Holder.newInvokeSpecial(java.lang.Object, int, java.lang.Object, java.lang.Object, java.lang.Object)'> (0x00000000d57a3768) 
thrown [s\src\hotspot\share\interpreter\linkResolver.cpp, line 773]
Event: 199.148 Thread 0x000001c68b30d8d0 Exception <a 'sun/nio/fs/WindowsException'{0x00000000d5aebed0}> (0x00000000d5aebed0) 
thrown [s\src\hotspot\share\prims\jni.cpp, line 520]
Event: 205.530 Thread 0x000001c692fb7260 Exception <a 'java/lang/ArrayIndexOutOfBoundsException'{0x00000000d56f5dc0}: Index 83 out of bounds for length 82> (0x00000000d56f5dc0) 
thrown [s\src\hotspot\share\interpreter\interpreterRuntime.cpp, line 439]

ZGC Phase Switch (0 events):
No events

VM Operations (20 events):
Event: 185.249 Executing VM operation: ParallelGCFailedAllocation (Allocation Failure)
Event: 185.255 Executing VM operation: ParallelGCFailedAllocation (Allocation Failure) done
Event: 185.269 Executing VM operation: ParallelGCFailedAllocation (Allocation Failure)
Event: 185.274 Executing VM operation: ParallelGCFailedAllocation (Allocation Failure) done
Event: 185.291 Executing VM operation: ParallelGCFailedAllocation (Allocation Failure)
Event: 185.298 Executing VM operation: ParallelGCFailedAllocation (Allocation Failure) done
Event: 185.366 Executing VM operation: ParallelGCFailedAllocation (Allocation Failure)
Event: 185.371 Executing VM operation: ParallelGCFailedAllocation (Allocation Failure) done
Event: 185.527 Executing VM operation: ParallelGCFailedAllocation (Allocation Failure)
Event: 185.532 Executing VM operation: ParallelGCFailedAllocation (Allocation Failure) done
Event: 185.718 Executing VM operation: ParallelGCFailedAllocation (Allocation Failure)
Event: 185.721 Executing VM operation: ParallelGCFailedAllocation (Allocation Failure) done
Event: 186.721 Executing VM operation: Cleanup
Event: 186.721 Executing VM operation: Cleanup done
Event: 199.190 Executing VM operation: ParallelGCFailedAllocation (Allocation Failure)
Event: 199.192 Executing VM operation: ParallelGCFailedAllocation (Allocation Failure) done
Event: 200.202 Executing VM operation: Cleanup
Event: 200.202 Executing VM operation: Cleanup done
Event: 205.763 Executing VM operation: ParallelGCFailedAllocation (Allocation Failure)
Event: 205.768 Executing VM operation: ParallelGCFailedAllocation (Allocation Failure) done

Memory protections (0 events):
No events

Nmethod flushes (20 events):
Event: 75.137 Thread 0x000001c6322b1bb0 flushing  nmethod 0x000001c635b8e910
Event: 75.137 Thread 0x000001c6322b1bb0 flushing  nmethod 0x000001c635b8ec90
Event: 75.137 Thread 0x000001c6322b1bb0 flushing  nmethod 0x000001c635b94010
Event: 75.137 Thread 0x000001c6322b1bb0 flushing  nmethod 0x000001c635bbe910
Event: 75.137 Thread 0x000001c6322b1bb0 flushing  nmethod 0x000001c635bca290
Event: 75.137 Thread 0x000001c6322b1bb0 flushing  nmethod 0x000001c635bcb190
Event: 75.137 Thread 0x000001c6322b1bb0 flushing  nmethod 0x000001c635bcf110
Event: 75.137 Thread 0x000001c6322b1bb0 flushing  nmethod 0x000001c635bd0010
Event: 75.137 Thread 0x000001c6322b1bb0 flushing  nmethod 0x000001c635bd0490
Event: 75.137 Thread 0x000001c6322b1bb0 flushing  nmethod 0x000001c635bd0a10
Event: 75.137 Thread 0x000001c6322b1bb0 flushing  nmethod 0x000001c635bd4910
Event: 75.137 Thread 0x000001c6322b1bb0 flushing  nmethod 0x000001c635be8190
Event: 75.137 Thread 0x000001c6322b1bb0 flushing  nmethod 0x000001c635bf6290
Event: 75.137 Thread 0x000001c6322b1bb0 flushing  nmethod 0x000001c635c05210
Event: 75.137 Thread 0x000001c6322b1bb0 flushing  nmethod 0x000001c635c16e10
Event: 75.137 Thread 0x000001c6322b1bb0 flushing  nmethod 0x000001c635c40190
Event: 75.137 Thread 0x000001c6322b1bb0 flushing  nmethod 0x000001c635c63490
Event: 75.137 Thread 0x000001c6322b1bb0 flushing  nmethod 0x000001c635c71790
Event: 75.137 Thread 0x000001c6322b1bb0 flushing  nmethod 0x000001c635c72f10
Event: 75.137 Thread 0x000001c6322b1bb0 flushing  nmethod 0x000001c635c73290

Events (20 events):
Event: 147.173 Thread 0x000001c69421fdc0 Thread exited: 0x000001c69421fdc0
Event: 157.785 Thread 0x000001c68b30cbb0 Thread exited: 0x000001c68b30cbb0
Event: 164.126 Thread 0x000001c694220450 Thread exited: 0x000001c694220450
Event: 169.084 Thread 0x000001c694223240 Thread exited: 0x000001c694223240
Event: 183.579 Thread 0x000001c68b30d8d0 Thread added: 0x000001c692fb78f0
Event: 183.605 Thread 0x000001c68b30d8d0 Thread added: 0x000001c692fb99c0
Event: 183.645 Thread 0x000001c692fb5eb0 Thread added: 0x000001c692fb7f80
Event: 183.723 Thread 0x000001c68b032310 Thread added: 0x000001c6941bf910
Event: 183.755 Thread 0x000001c6941bf910 Thread added: 0x000001c6941bc290
Event: 183.958 Thread 0x000001c692fb7f80 Thread exited: 0x000001c692fb7f80
Event: 184.042 Thread 0x000001c6941bc290 Thread exited: 0x000001c6941bc290
Event: 184.259 Thread 0x000001c6941bf910 Thread exited: 0x000001c6941bf910
Event: 184.393 Thread 0x000001c6322c8450 Thread added: 0x000001c6941bd700
Event: 184.442 Thread 0x000001c6322c8450 Thread added: 0x000001c6941bf910
Event: 185.153 Thread 0x000001c68b30c520 Thread added: 0x000001c692fb7f80
Event: 185.695 Thread 0x000001c694222bb0 Thread added: 0x000001c692fb6540
Event: 191.044 Thread 0x000001c6941bf910 Thread exited: 0x000001c6941bf910
Event: 191.076 Thread 0x000001c6941bd700 Thread exited: 0x000001c6941bd700
Event: 205.744 Thread 0x000001c68b032310 Thread added: 0x000001c6941bd700
Event: 205.754 Thread 0x000001c68b032310 Thread added: 0x000001c6941bf910


Dynamic libraries:
0x00007ff637c50000 - 0x00007ff637c5e000 	c:\Users\harsh\.vscode\extensions\redhat.java-1.50.0-win32-x64\jre\21.0.9-win32-x86_64\bin\java.exe
0x00007ff8d0d20000 - 0x00007ff8d0f87000 	C:\WINDOWS\SYSTEM32\ntdll.dll
0x00007ff8cf8f0000 - 0x00007ff8cf9b9000 	C:\WINDOWS\System32\KERNEL32.DLL
0x00007ff8ce320000 - 0x00007ff8ce70f000 	C:\WINDOWS\System32\KERNELBASE.dll
0x00007ff8cde70000 - 0x00007ff8cdfbb000 	C:\WINDOWS\System32\ucrtbase.dll
0x00007ff88ca60000 - 0x00007ff88ca78000 	c:\Users\harsh\.vscode\extensions\redhat.java-1.50.0-win32-x64\jre\21.0.9-win32-x86_64\bin\jli.dll
0x00007ff888af0000 - 0x00007ff888b0e000 	c:\Users\harsh\.vscode\extensions\redhat.java-1.50.0-win32-x64\jre\21.0.9-win32-x86_64\bin\VCRUNTIME140.dll
0x00007ff8cf3c0000 - 0x00007ff8cf585000 	C:\WINDOWS\System32\USER32.dll
0x00007ff8af670000 - 0x00007ff8af903000 	C:\WINDOWS\WinSxS\amd64_microsoft.windows.common-controls_6595b64144ccf1df_6.0.26100.7309_none_3e05feeae336a044\COMCTL32.dll
0x00007ff8ce7e0000 - 0x00007ff8ce807000 	C:\WINDOWS\System32\win32u.dll
0x00007ff8d0b30000 - 0x00007ff8d0bd9000 	C:\WINDOWS\System32\msvcrt.dll
0x00007ff8ceba0000 - 0x00007ff8cebcb000 	C:\WINDOWS\System32\GDI32.dll
0x00007ff8cdfc0000 - 0x00007ff8ce0ec000 	C:\WINDOWS\System32\gdi32full.dll
0x00007ff8ce0f0000 - 0x00007ff8ce193000 	C:\WINDOWS\System32\msvcp_win.dll
0x00007ff8cf1c0000 - 0x00007ff8cf1f1000 	C:\WINDOWS\System32\IMM32.DLL
0x00007ff8b07a0000 - 0x00007ff8b07ac000 	c:\Users\harsh\.vscode\extensions\redhat.java-1.50.0-win32-x64\jre\21.0.9-win32-x86_64\bin\vcruntime140_1.dll
0x00007ff8700b0000 - 0x00007ff87013d000 	c:\Users\harsh\.vscode\extensions\redhat.java-1.50.0-win32-x64\jre\21.0.9-win32-x86_64\bin\msvcp140.dll
0x00007ff806620000 - 0x00007ff8073c0000 	c:\Users\harsh\.vscode\extensions\redhat.java-1.50.0-win32-x64\jre\21.0.9-win32-x86_64\bin\server\jvm.dll
0x00007ff8ced70000 - 0x00007ff8cee24000 	C:\WINDOWS\System32\ADVAPI32.dll
0x00007ff8d0980000 - 0x00007ff8d0a26000 	C:\WINDOWS\System32\sechost.dll
0x00007ff8d0860000 - 0x00007ff8d0978000 	C:\WINDOWS\System32\RPCRT4.dll
0x00007ff8d0be0000 - 0x00007ff8d0c54000 	C:\WINDOWS\System32\WS2_32.dll
0x00007ff8cdcf0000 - 0x00007ff8cdd4e000 	C:\WINDOWS\SYSTEM32\POWRPROF.dll
0x00007ff8c32a0000 - 0x00007ff8c32d5000 	C:\WINDOWS\SYSTEM32\WINMM.dll
0x00007ff8b6050000 - 0x00007ff8b605b000 	C:\WINDOWS\SYSTEM32\VERSION.dll
0x00007ff8cdcb0000 - 0x00007ff8cdcc4000 	C:\WINDOWS\SYSTEM32\UMPDC.dll
0x00007ff8ccc20000 - 0x00007ff8ccc3b000 	C:\WINDOWS\SYSTEM32\kernel.appcore.dll
0x00007ff8afcd0000 - 0x00007ff8afcda000 	c:\Users\harsh\.vscode\extensions\redhat.java-1.50.0-win32-x64\jre\21.0.9-win32-x86_64\bin\jimage.dll
0x00007ff8cb4c0000 - 0x00007ff8cb702000 	C:\WINDOWS\SYSTEM32\DBGHELP.DLL
0x00007ff8cee30000 - 0x00007ff8cf1b5000 	C:\WINDOWS\System32\combase.dll
0x00007ff8cfaf0000 - 0x00007ff8cfbc6000 	C:\WINDOWS\System32\OLEAUT32.dll
0x00007ff8b80c0000 - 0x00007ff8b80fc000 	C:\WINDOWS\SYSTEM32\dbgcore.DLL
0x00007ff8cea10000 - 0x00007ff8ceab5000 	C:\WINDOWS\System32\bcryptPrimitives.dll
0x00007ff8aa140000 - 0x00007ff8aa14f000 	c:\Users\harsh\.vscode\extensions\redhat.java-1.50.0-win32-x64\jre\21.0.9-win32-x86_64\bin\instrument.dll
0x00007ff8889a0000 - 0x00007ff8889c0000 	c:\Users\harsh\.vscode\extensions\redhat.java-1.50.0-win32-x64\jre\21.0.9-win32-x86_64\bin\java.dll
0x00007ff8cfc70000 - 0x00007ff8d03c3000 	C:\WINDOWS\System32\SHELL32.dll
0x00007ff8ce810000 - 0x00007ff8ce97a000 	C:\WINDOWS\System32\wintypes.dll
0x00007ff8cba40000 - 0x00007ff8cc29e000 	C:\WINDOWS\SYSTEM32\windows.storage.dll
0x00007ff8d0a30000 - 0x00007ff8d0b25000 	C:\WINDOWS\System32\SHCORE.dll
0x00007ff8cf260000 - 0x00007ff8cf2c6000 	C:\WINDOWS\System32\shlwapi.dll
0x00007ff8cdd90000 - 0x00007ff8cddb9000 	C:\WINDOWS\SYSTEM32\profapi.dll
0x00007ff888700000 - 0x00007ff888718000 	c:\Users\harsh\.vscode\extensions\redhat.java-1.50.0-win32-x64\jre\21.0.9-win32-x86_64\bin\zip.dll
0x00007ff8a7cb0000 - 0x00007ff8a7cc0000 	C:\Users\harsh\.vscode\extensions\redhat.java-1.50.0-win32-x64\jre\21.0.9-win32-x86_64\bin\net.dll
0x00007ff8c1570000 - 0x00007ff8c1698000 	C:\WINDOWS\SYSTEM32\WINHTTP.dll
0x00007ff8cd190000 - 0x00007ff8cd1fb000 	C:\WINDOWS\system32\mswsock.dll
0x00007ff886410000 - 0x00007ff886426000 	C:\Users\harsh\.vscode\extensions\redhat.java-1.50.0-win32-x64\jre\21.0.9-win32-x86_64\bin\nio.dll
0x00007ff8a7c20000 - 0x00007ff8a7c30000 	c:\Users\harsh\.vscode\extensions\redhat.java-1.50.0-win32-x64\jre\21.0.9-win32-x86_64\bin\verify.dll
0x00007ff886780000 - 0x00007ff8867c4000 	C:\Users\harsh\AppData\Roaming\Code\User\globalStorage\redhat.java\1.50.0\config_win\org.eclipse.equinox.launcher\org.eclipse.equinox.launcher.win32.win32.x86_64_1.2.1400.v20250801-0854\eclipse_11916.dll
0x00007ff8cebd0000 - 0x00007ff8ced67000 	C:\WINDOWS\System32\ole32.dll
0x00007ff89dae0000 - 0x00007ff89daea000 	C:\Users\harsh\.vscode\extensions\redhat.java-1.50.0-win32-x64\jre\21.0.9-win32-x86_64\bin\management.dll
0x00007ff89d850000 - 0x00007ff89d85c000 	C:\Users\harsh\.vscode\extensions\redhat.java-1.50.0-win32-x64\jre\21.0.9-win32-x86_64\bin\management_ext.dll
0x00007ff8cf8e0000 - 0x00007ff8cf8e8000 	C:\WINDOWS\System32\PSAPI.DLL
0x00007ff8cd450000 - 0x00007ff8cd46b000 	C:\WINDOWS\SYSTEM32\CRYPTSP.dll
0x00007ff8ccb80000 - 0x00007ff8ccbba000 	C:\WINDOWS\system32\rsaenh.dll
0x00007ff8cd240000 - 0x00007ff8cd26b000 	C:\WINDOWS\SYSTEM32\USERENV.dll
0x00007ff8cdd60000 - 0x00007ff8cdd8a000 	C:\WINDOWS\SYSTEM32\bcrypt.dll
0x00007ff8cd470000 - 0x00007ff8cd47c000 	C:\WINDOWS\SYSTEM32\CRYPTBASE.dll
0x00007ff8cc740000 - 0x00007ff8cc774000 	C:\WINDOWS\SYSTEM32\IPHLPAPI.DLL
0x00007ff8cf2d0000 - 0x00007ff8cf2da000 	C:\WINDOWS\System32\NSI.dll
0x00007ff882d20000 - 0x00007ff882d69000 	C:\Users\harsh\AppData\Local\Temp\jna-99049134\jna548109151532312972.dll
0x00007ff8c17c0000 - 0x00007ff8c17de000 	C:\WINDOWS\SYSTEM32\dhcpcsvc6.DLL
0x00007ff8bc170000 - 0x00007ff8bc193000 	C:\WINDOWS\SYSTEM32\dhcpcsvc.DLL
0x00007ff8a6600000 - 0x00007ff8a660e000 	C:\Users\harsh\.vscode\extensions\redhat.java-1.50.0-win32-x64\jre\21.0.9-win32-x86_64\bin\sunmscapi.dll
0x00007ff8ce1a0000 - 0x00007ff8ce317000 	C:\WINDOWS\System32\CRYPT32.dll
0x00007ff8cd670000 - 0x00007ff8cd6a0000 	C:\WINDOWS\SYSTEM32\ncrypt.dll
0x00007ff8cd620000 - 0x00007ff8cd65f000 	C:\WINDOWS\SYSTEM32\NTASN1.dll
0x00007ff8cc780000 - 0x00007ff8cc8ac000 	C:\WINDOWS\SYSTEM32\DNSAPI.dll
0x00007ff8c2da0000 - 0x00007ff8c2dab000 	C:\Windows\System32\rasadhlp.dll
0x00007ff8c1c20000 - 0x00007ff8c1ca6000 	C:\WINDOWS\System32\fwpuclnt.dll
0x00007ff8a3760000 - 0x00007ff8a3769000 	C:\Users\harsh\.vscode\extensions\redhat.java-1.50.0-win32-x64\jre\21.0.9-win32-x86_64\bin\extnet.dll

JVMTI agents:
c:\Users\harsh\.vscode\extensions\redhat.java-1.50.0-win32-x64\lombok\lombok-1.18.39-4050.jar path:c:\Users\harsh\.vscode\extensions\redhat.java-1.50.0-win32-x64\jre\21.0.9-win32-x86_64\bin\instrument.dll, loaded, initialized, instrumentlib options:none

dbghelp: loaded successfully - version: 4.0.5 - missing functions: none
symbol engine: initialized successfully - sym options: 0x614 - pdb path: .;c:\Users\harsh\.vscode\extensions\redhat.java-1.50.0-win32-x64\jre\21.0.9-win32-x86_64\bin;C:\WINDOWS\SYSTEM32;C:\WINDOWS\WinSxS\amd64_microsoft.windows.common-controls_6595b64144ccf1df_6.0.26100.7309_none_3e05feeae336a044;c:\Users\harsh\.vscode\extensions\redhat.java-1.50.0-win32-x64\jre\21.0.9-win32-x86_64\bin\server;C:\Users\harsh\AppData\Roaming\Code\User\globalStorage\redhat.java\1.50.0\config_win\org.eclipse.equinox.launcher\org.eclipse.equinox.launcher.win32.win32.x86_64_1.2.1400.v20250801-0854;C:\Users\harsh\AppData\Local\Temp\jna-99049134

VM Arguments:
jvm_args: --add-modules=ALL-SYSTEM --add-opens=java.base/java.util=ALL-UNNAMED --add-opens=java.base/java.lang=ALL-UNNAMED --add-opens=java.base/sun.nio.fs=ALL-UNNAMED -Declipse.application=org.eclipse.jdt.ls.core.id1 -Dosgi.bundles.defaultStartLevel=4 -Declipse.product=org.eclipse.jdt.ls.core.product -Djava.import.generatesMetadataFilesAtProjectRoot=false -DDetectVMInstallationsJob.disabled=true -Dfile.encoding=utf8 -XX:+UseParallelGC -XX:GCTimeRatio=4 -XX:AdaptiveSizePolicyWeight=90 -Dsun.zip.disableMemoryMapping=true -Xmx2G -Xms100m -Xlog:disable -javaagent:c:\Users\harsh\.vscode\extensions\redhat.java-1.50.0-win32-x64\lombok\lombok-1.18.39-4050.jar -XX:+HeapDumpOnOutOfMemoryError -XX:HeapDumpPath=c:\Users\harsh\AppData\Roaming\Code\User\workspaceStorage\4f0fbcff6b9a37bff0b4ce35f72cabfb\redhat.java -Daether.dependencyCollector.impl=bf 
java_command: c:\Users\harsh\.vscode\extensions\redhat.java-1.50.0-win32-x64\server\plugins\org.eclipse.equinox.launcher_1.7.100.v20251111-0406.jar -configuration c:\Users\harsh\AppData\Roaming\Code\User\globalStorage\redhat.java\1.50.0\config_win -data c:\Users\harsh\AppData\Roaming\Code\User\workspaceStorage\4f0fbcff6b9a37bff0b4ce35f72cabfb\redhat.java\jdt_ws --pipe=\\.\pipe\lsp-c441ff3d25ebeaad97195bea82a01389-sock
java_class_path (initial): c:\Users\harsh\.vscode\extensions\redhat.java-1.50.0-win32-x64\server\plugins\org.eclipse.equinox.launcher_1.7.100.v20251111-0406.jar
Launcher Type: SUN_STANDARD

[Global flags]
    uintx AdaptiveSizePolicyWeight                 = 90                                        {product} {command line}
     intx CICompilerCount                          = 4                                         {product} {ergonomic}
    uintx GCTimeRatio                              = 4                                         {product} {command line}
     bool HeapDumpOnOutOfMemoryError               = true                                   {manageable} {command line}
    ccstr HeapDumpPath                             = c:\Users\harsh\AppData\Roaming\Code\User\workspaceStorage\4f0fbcff6b9a37bff0b4ce35f72cabfb\redhat.java         {manageable} {command line}
   size_t InitialHeapSize                          = 104857600                                 {product} {command line}
   size_t MaxHeapSize                              = 2147483648                                {product} {command line}
   size_t MaxNewSize                               = 715653120                                 {product} {ergonomic}
   size_t MinHeapDeltaBytes                        = 524288                                    {product} {ergonomic}
   size_t MinHeapSize                              = 104857600                                 {product} {command line}
   size_t NewSize                                  = 34603008                                  {product} {ergonomic}
    uintx NonNMethodCodeHeapSize                   = 5839372                                {pd product} {ergonomic}
    uintx NonProfiledCodeHeapSize                  = 122909434                              {pd product} {ergonomic}
   size_t OldSize                                  = 70254592                                  {product} {ergonomic}
    uintx ProfiledCodeHeapSize                     = 122909434                              {pd product} {ergonomic}
    uintx ReservedCodeCacheSize                    = 251658240                              {pd product} {ergonomic}
     bool SegmentedCodeCache                       = true                                      {product} {ergonomic}
   size_t SoftMaxHeapSize                          = 2147483648                             {manageable} {ergonomic}
     bool UseCompressedOops                        = true                           {product lp64_product} {ergonomic}
     bool UseLargePagesIndividualAllocation        = false                                  {pd product} {ergonomic}
     bool UseParallelGC                            = true                                      {product} {command line}

Logging:
Log output configuration:
 #0: stdout all=off uptime,level,tags foldmultilines=false
 #1: stderr all=off uptime,level,tags foldmultilines=false

Release file:
JAVA_VERSION="21.0.9" 
MODULES="java.base java.compiler java.datatransfer java.xml java.prefs java.desktop java.instrument java.logging java.management java.security.sasl java.naming java.rmi java.management.rmi java.net.http java.scripting java.security.jgss java.transaction.xa java.sql java.sql.rowset java.xml.crypto java.se java.smartcardio jdk.accessibility jdk.internal.jvmstat jdk.attach jdk.charsets jdk.internal.opt jdk.zipfs jdk.compiler jdk.crypto.ec jdk.crypto.cryptoki jdk.crypto.mscapi jdk.dynalink jdk.internal.ed jdk.editpad jdk.hotspot.agent jdk.httpserver jdk.internal.le jdk.internal.vm.ci jdk.internal.vm.compiler jdk.internal.vm.compiler.management jdk.jartool jdk.javadoc jdk.jcmd jdk.management jdk.management.agent jdk.jconsole jdk.jdeps jdk.jdwp.agent jdk.jdi jdk.jfr jdk.jshell jdk.jsobject jdk.jstatd jdk.localedata jdk.management.jfr jdk.naming.dns jdk.naming.rmi jdk.net jdk.nio.mapmode jdk.random jdk.sctp jdk.security.auth jdk.security.jgss jdk.unsupported jdk.unsupported.desktop jdk.xml.dom" 

Environment Variables:
PATH=C:\Program Files\Common Files\Oracle\Java\javapath;C:\WINDOWS\system32;C:\WINDOWS;C:\WINDOWS\System32\Wbem;C:\WINDOWS\System32\WindowsPowerShell\v1.0\;C:\WINDOWS\System32\OpenSSH\;C:\Program Files\dotnet\;C:\Program Files\Go\bin;C:\Program Files\Docker\Docker\resources\bin;C:\Program Files\Microsoft SQL Server\150\Tools\Binn\;C:\Program Files\Microsoft SQL Server\Client SDK\ODBC\170\Tools\Binn\;C:\Program Files (x86)\Windows Kits\10\Windows Performance Toolkit\;C:\Program Files\Java;C:\Program Files\spring-3.4.4\bin;C:\Program Files\maven\maven\bin;C:\Program Files\nodejs\;C:\Users\harsh\Desktop\cmd;C:\Program Files\cursor\resources\app\bin;C:\Program Files\Common Files\Oracle\Java\javapath;C:\WINDOWS\system32;C:\WINDOWS;C:\WINDOWS\System32\Wbem;C:\WINDOWS\System32\WindowsPowerShell\v1.0\;C:\WINDOWS\System32\OpenSSH\;C:\Program Files\dotnet\;C:\Program Files\Go\bin;C:\Program Files\Docker\Docker\resources\bin;C:\Program Files\Microsoft SQL Server\150\Tools\Binn\;C:\Program Files\Microsoft SQL Server\Client SDK\ODBC\170\Tools\Binn\;C:\Program Files (x86)\Windows Kits\10\Windows Performance Toolkit\;C:\Program Files\Java;C:\Program Files\spring-3.4.4\bin;C:\Program Files\maven\maven\bin;C:\Program Files\nodejs\;C:\Users\harsh\Desktop\cmd;C:\Program Files\cursor\resources\app\bin;C:\Users\harsh\maven\bin;C:\Users\harsh\maven\apache-maven-3.9.11\bin;C:\Users\harsh\AppData\Local\Programs\Microsoft VS Code\bin
USERNAME=harsh
OS=Windows_NT
PROCESSOR_IDENTIFIER=Intel64 Family 6 Model 186 Stepping 3, GenuineIntel
TMP=C:\Users\harsh\AppData\Local\Temp
TEMP=C:\Users\harsh\AppData\Local\Temp




Periodic native trim disabled

---------------  S Y S T E M  ---------------

OS:
 Windows 11 , 64 bit Build 26100 (10.0.26100.7309)
OS uptime: 24 days 17:01 hours
Hyper-V role detected

CPU: total 12 (initial active 12) (6 cores per cpu, 2 threads per core) family 6 model 186 stepping 3 microcode 0x4128, cx8, cmov, fxsr, ht, mmx, 3dnowpref, sse, sse2, sse3, ssse3, sse4.1, sse4.2, popcnt, lzcnt, tsc, tscinvbit, avx, avx2, aes, erms, clmul, bmi1, bmi2, adx, sha, fma, vzeroupper, clflush, clflushopt, clwb, hv, serialize, rdtscp, rdpid, fsrm, f16c, cet_ibt, cet_ss
Processor Information for processor 0
  Max Mhz: 1800, Current Mhz: 1800, Mhz Limit: 1800
Processor Information for processor 1
  Max Mhz: 1800, Current Mhz: 1800, Mhz Limit: 1800
Processor Information for processor 2
  Max Mhz: 1800, Current Mhz: 1800, Mhz Limit: 1800
Processor Information for processor 3
  Max Mhz: 1800, Current Mhz: 1800, Mhz Limit: 1800
Processor Information for processor 4
  Max Mhz: 1800, Current Mhz: 1800, Mhz Limit: 1800
Processor Information for processor 5
  Max Mhz: 1800, Current Mhz: 1500, Mhz Limit: 1800
Processor Information for processor 6
  Max Mhz: 1800, Current Mhz: 1800, Mhz Limit: 1800
Processor Information for processor 7
  Max Mhz: 1800, Current Mhz: 1800, Mhz Limit: 1800
Processor Information for processor 8
  Max Mhz: 1800, Current Mhz: 1500, Mhz Limit: 1800
Processor Information for processor 9
  Max Mhz: 1800, Current Mhz: 1500, Mhz Limit: 1800
Processor Information for processor 10
  Max Mhz: 1800, Current Mhz: 1800, Mhz Limit: 1800
Processor Information for processor 11
  Max Mhz: 1800, Current Mhz: 1800, Mhz Limit: 1800

Memory: 4k page, system-wide physical 16068M (1582M free)
TotalPageFile size 65220M (AvailPageFile size 5M)
current process WorkingSet (physical memory assigned to process): 1402M, peak: 1402M
current process commit charge ("private bytes"): 1372M, peak: 1373M

vm_info: OpenJDK 64-Bit Server VM (21.0.9+10-LTS) for windows-amd64 JRE (21.0.9+10-LTS), built on 2025-10-21T00:00:00Z by "admin" with unknown MS VC++:1942

END.
